[2025-09-28T16:35:26.139] [DEBUG] debug-file - env: nodejsVersion=v18.20.1
[2025-09-28T16:35:26.791] [DEBUG] debug-file - Hvigor init with startParameters:{
  hvigorfileTypeCheck: false,
  parallelExecution: true,
  incrementalExecution: true,
  printStackTrace: false,
  daemon: false,
  analyze: 0,
  logLevel: Level { level: 20000, levelStr: 'INFO', colour: 'green' }
}
[2025-09-28T16:35:26.813] [DEBUG] debug-file - hvigorfile, resolving E:\HarmonyOS_Learning\TransitionAnimation-master\hvigorfile.ts
[2025-09-28T16:35:28.996] [DEBUG] debug-file - hvigorfile, require result:  { appTasks: [Getter] }
[2025-09-28T16:35:29.170] [DEBUG] debug-file - Obtain build option for product 'default'in this build.
[2025-09-28T16:35:29.164] [DEBUG] debug-file - Start initialize project's product build option map with build mode debug.
[2025-09-28T16:35:29.184] [DEBUG] debug-file - Local scan or download hmscore sdk components toolchains,ets,native
[2025-09-28T16:35:29.195] [DEBUG] debug-file - Start recording SDK configuration permission data.
[2025-09-28T16:35:29.179] [DEBUG] debug-file - Local scan or download HarmonyOS sdk components toolchains,ets,js,native,previewer
[2025-09-28T16:35:29.256] [DEBUG] debug-file - Project task initialization takes 30 ms 
[2025-09-28T16:35:29.225] [DEBUG] debug-file - Sdk init in 51 ms 
[2025-09-28T16:35:29.268] [DEBUG] debug-file - hvigorfile, resolving E:\HarmonyOS_Learning\TransitionAnimation-master\entry\hvigorfile.ts
[2025-09-28T16:35:29.294] [DEBUG] debug-file - Module entry task initialization takes 4 ms 
[2025-09-28T16:35:29.287] [DEBUG] debug-file - Start initialize module-target build option map, moduleName=entry, buildMode=debug
[2025-09-28T16:35:29.323] [DEBUG] debug-file - Configuration task cost before running: 2 s 554 ms 
[2025-09-28T16:35:29.297] [DEBUG] debug-file - project has submodules:entry
[2025-09-28T16:35:29.326] [DEBUG] debug-file - Executing task :entry:clean
[2025-09-28T16:35:26.141] [DEBUG] debug-file - env: hvigor-config.json5 content = { modelVersion: '5.0.5', dependencies: {} }
[2025-09-28T16:35:29.330] [DEBUG] debug-file - entry : clean cost memory 0.22591400146484375
[2025-09-28T16:35:26.792] [DEBUG] debug-file - Since current hvigor version 5.17.6 differs from last hvigor version 
      undefined, delete file-cache.json and task-cache.json.
[2025-09-28T16:35:29.360] [DEBUG] debug-file - Obtain build option for module 'entry' target 'default'in this build.
[2025-09-28T16:35:28.997] [DEBUG] debug-file - hvigorfile, binding system plugins { appTasks: [Getter] }
[2025-09-28T16:35:29.376] [DEBUG] debug-file - Create  resident worker with id: 0.
[2025-09-28T16:35:29.172] [DEBUG] debug-file - No signingConfig found, initRemoteHspCache failed.
[2025-09-28T16:35:29.164] [DEBUG] debug-file - Picking option from product 'default' with build mode 'debug'.
[2025-09-28T16:35:29.256] [DEBUG] debug-file - hvigorfile, resolve finished E:\HarmonyOS_Learning\TransitionAnimation-master\hvigorfile.ts
[2025-09-28T16:35:29.274] [DEBUG] debug-file - hvigorfile, require result:  { hapTasks: [Getter] }
[2025-09-28T16:35:29.294] [DEBUG] debug-file - hvigorfile, resolve finished E:\HarmonyOS_Learning\TransitionAnimation-master\entry\hvigorfile.ts
[2025-09-28T16:35:29.287] [DEBUG] debug-file - Target 'default' config initialized
[2025-09-28T16:35:29.300] [DEBUG] debug-file - start to load updatedOhPackageInfo to the disk
[2025-09-28T16:35:29.326] [DEBUG] debug-file - clean: Worker pool is inactive.
[2025-09-28T16:35:26.143] [DEBUG] debug-file - env: daemon=false
[2025-09-28T16:35:26.792] [DEBUG] debug-file - Cache service initialization finished in 2 ms 
[2025-09-28T16:35:29.330] [DEBUG] debug-file - runTaskFromQueue task cost before running: 2 s 561 ms 
[2025-09-28T16:35:29.373] [DEBUG] debug-file - Since there is no instance or instance is terminated, create a new worker pool.
[2025-09-28T16:35:29.379] [DEBUG] debug-file - Create  resident worker with id: 1.
[2025-09-28T16:35:29.164] [DEBUG] debug-file - Product 'default' build option initialized
[2025-09-28T16:35:29.274] [DEBUG] debug-file - hvigorfile, binding system plugins { hapTasks: [Getter] }
[2025-09-28T16:35:29.307] [DEBUG] debug-file - load to the disk finished
[2025-09-28T16:35:29.287] [DEBUG] debug-file - Module 'entry' target 'default' build option initialized
[2025-09-28T16:35:26.143] [DEBUG] debug-file - no-daemon, use the parent process.execArgv --max-old-space-size=8192,--expose-gc
[2025-09-28T16:35:29.331] [INFO] debug-file - Finished :entry:clean... after 4 ms 
[2025-09-28T16:35:29.373] [DEBUG] debug-file - Worker pool is initialized with config:  {
  minPoolNum: 2,
  maxPoolNum: undefined,
  maxCoreSize: undefined,
  cacheCapacity: undefined,
  cacheTtl: undefined
}
[2025-09-28T16:35:29.381] [DEBUG] debug-file - Current worker pool is stopped or closed.
[2025-09-28T16:35:29.164] [DEBUG] debug-file - End initialize project's product build option map with build mode 'debug'.
[2025-09-28T16:35:29.308] [DEBUG] debug-file - Start to initialize dependency information.
[2025-09-28T16:35:29.287] [DEBUG] debug-file - End initialize module-target build option map, moduleName=entry
[2025-09-28T16:35:29.332] [DEBUG] debug-file - Executing task ::clean
[2025-09-28T16:35:29.381] [DEBUG] debug-file - Clear worker 0.
[2025-09-28T16:35:29.310] [DEBUG] debug-file - Module TransitionAnimation-master Collected Dependency: 
[2025-09-28T16:35:29.288] [DEBUG] debug-file - Obtain build option for module 'entry' target 'default'in this build.
[2025-09-28T16:35:29.332] [DEBUG] debug-file - clean: Worker pool is inactive.
[2025-09-28T16:35:29.381] [DEBUG] debug-file - Worker 0 has been cleared.
[2025-09-28T16:35:29.310] [DEBUG] debug-file - Module TransitionAnimation-master's total dependency: 0
[2025-09-28T16:35:29.332] [DEBUG] debug-file - TransitionAnimation-master : clean cost memory 0.02719879150390625
[2025-09-28T16:35:29.381] [DEBUG] debug-file - Current idle worker size: 1.
[2025-09-28T16:35:29.311] [DEBUG] debug-file - Start to initialize dependency information.
[2025-09-28T16:35:29.333] [DEBUG] debug-file - runTaskFromQueue task cost before running: 2 s 564 ms 
[2025-09-28T16:35:29.381] [DEBUG] debug-file - Current busy worker size: 0.
[2025-09-28T16:35:29.314] [DEBUG] debug-file - Module entry Collected Dependency: 
[2025-09-28T16:35:29.333] [INFO] debug-file - Finished ::clean... after 1 ms 
[2025-09-28T16:35:29.381] [DEBUG] debug-file - Clear worker 1.
[2025-09-28T16:35:29.314] [DEBUG] debug-file - Module entry's total dependency: 0
[2025-09-28T16:35:29.333] [DEBUG] debug-file - Executing task :entry:init
[2025-09-28T16:35:29.381] [DEBUG] debug-file - Worker 1 has been cleared.
[2025-09-28T16:35:29.320] [DEBUG] debug-file - Configuration phase cost:2 s 519 ms 
[2025-09-28T16:35:29.333] [DEBUG] debug-file - entry : init cost memory 0.01016998291015625
[2025-09-28T16:35:29.381] [DEBUG] debug-file - Current idle worker size: 0.
[2025-09-28T16:35:29.333] [DEBUG] debug-file - runTaskFromQueue task cost before running: 2 s 564 ms 
[2025-09-28T16:35:29.381] [DEBUG] debug-file - Current busy worker size: 0.
[2025-09-28T16:35:29.333] [INFO] debug-file - Finished :entry:init... after 1 ms 
[2025-09-28T16:35:29.382] [DEBUG] debug-file - hvigor build process will be closed.
[2025-09-28T16:35:29.333] [DEBUG] debug-file - Executing task ::init
[2025-09-28T16:35:29.384] [DEBUG] debug-file - worker[0] exits with exit code 0.
[2025-09-28T16:35:29.333] [DEBUG] debug-file - TransitionAnimation-master : init cost memory 0.00894927978515625
[2025-09-28T16:35:29.388] [DEBUG] debug-file - worker[1] exits with exit code 0.
[2025-09-28T16:35:29.334] [DEBUG] debug-file - runTaskFromQueue task cost before running: 2 s 565 ms 
[2025-09-28T16:35:29.388] [DEBUG] debug-file - Current worker pool is terminated.
[2025-09-28T16:35:29.334] [INFO] debug-file - Finished ::init... after 1 ms 
[2025-09-28T19:11:53.991] [DEBUG] debug-file - env: nodejsVersion=v18.20.1
[2025-09-28T19:11:54.112] [DEBUG] debug-file - env: daemon=true
[2025-09-28T19:11:53.993] [DEBUG] debug-file - env: hvigor-config.json5 content = { modelVersion: '5.0.5', dependencies: {} }
[2025-09-28T19:11:55.025] [DEBUG] debug-file - java daemon tryConnect failed Error: connect ECONNREFUSED 127.0.0.1:45050
[2025-09-28T19:11:55.034] [DEBUG] debug-file - java daemon started at port 45050 pid 42088
[2025-09-28T19:11:55.058] [DEBUG] debug-file - session manager: set active socket. socketId=QrXUTNjz6PZVzplMAAAB
[2025-09-28T19:11:56.032] [DEBUG] debug-file - watch worker: worker id should be larger than 0. Nothing will be sent to any worker thread.
[2025-09-28T19:11:56.049] [DEBUG] debug-file - Hvigor init with startParameters:{
  hvigorfileTypeCheck: false,
  parallelExecution: true,
  incrementalExecution: true,
  printStackTrace: false,
  daemon: true,
  analyze: 0,
  logLevel: Level { level: 20000, levelStr: 'INFO', colour: 'green' }
}
[2025-09-28T19:11:56.052] [DEBUG] debug-file - Cache service initialization finished in 3 ms 
[2025-09-28T19:11:56.065] [DEBUG] debug-file - hvigorfile, resolving E:\HarmonyOS_Learning\TransitionAnimation-master\hvigorfile.ts
[2025-09-28T19:11:58.224] [DEBUG] debug-file - hvigorfile, require result:  {}
[2025-09-28T19:11:58.224] [DEBUG] debug-file - hvigorfile, binding system plugins {}
[2025-09-28T19:11:58.385] [DEBUG] debug-file - Start initialize project's product build option map with build mode debug.
[2025-09-28T19:11:58.385] [DEBUG] debug-file - Picking option from product 'default' with build mode 'debug'.
[2025-09-28T19:11:58.385] [DEBUG] debug-file - Product 'default' build option initialized
[2025-09-28T19:11:58.386] [DEBUG] debug-file - End initialize project's product build option map with build mode 'debug'.
[2025-09-28T19:11:58.389] [DEBUG] debug-file - Obtain build option for product 'default'in this build.
[2025-09-28T19:11:58.391] [DEBUG] debug-file - No signingConfig found, initRemoteHspCache failed.
[2025-09-28T19:11:58.395] [DEBUG] debug-file - Local scan or download HarmonyOS sdk components toolchains,ets,js,native,previewer
[2025-09-28T19:11:58.399] [DEBUG] debug-file - Local scan or download hmscore sdk components toolchains,ets,native
[2025-09-28T19:11:58.405] [DEBUG] debug-file - Start recording SDK configuration permission data.
[2025-09-28T19:11:58.435] [DEBUG] debug-file - Sdk init in 43 ms 
[2025-09-28T19:11:58.453] [DEBUG] debug-file - Project task initialization takes 16 ms 
[2025-09-28T19:11:58.453] [DEBUG] debug-file - hvigorfile, resolve finished E:\HarmonyOS_Learning\TransitionAnimation-master\hvigorfile.ts
[2025-09-28T19:11:58.458] [DEBUG] debug-file - hvigorfile, resolving E:\HarmonyOS_Learning\TransitionAnimation-master\entry\hvigorfile.ts
[2025-09-28T19:11:58.462] [DEBUG] debug-file - hvigorfile, require result:  {}
[2025-09-28T19:11:58.462] [DEBUG] debug-file - hvigorfile, binding system plugins {}
[2025-09-28T19:11:58.471] [DEBUG] debug-file - Start initialize module-target build option map, moduleName=entry, buildMode=debug
[2025-09-28T19:11:58.471] [DEBUG] debug-file - Target 'default' config initialized
[2025-09-28T19:11:58.472] [DEBUG] debug-file - Module 'entry' target 'default' build option initialized
[2025-09-28T19:11:58.472] [DEBUG] debug-file - End initialize module-target build option map, moduleName=entry
[2025-09-28T19:11:58.472] [DEBUG] debug-file - Obtain build option for module 'entry' target 'default'in this build.
[2025-09-28T19:11:58.478] [DEBUG] debug-file - Module entry task initialization takes 3 ms 
[2025-09-28T19:11:58.478] [DEBUG] debug-file - hvigorfile, resolve finished E:\HarmonyOS_Learning\TransitionAnimation-master\entry\hvigorfile.ts
[2025-09-28T19:11:58.492] [DEBUG] debug-file - hvigorfile, resolve hvigorfile dependencies in 13 ms 
[2025-09-28T19:11:58.493] [DEBUG] debug-file - project has submodules:entry
[2025-09-28T19:11:58.494] [DEBUG] debug-file - start to load updatedOhPackageInfo to the disk
[2025-09-28T19:11:58.500] [DEBUG] debug-file - load to the disk finished
[2025-09-28T19:11:58.501] [DEBUG] debug-file - Start to initialize dependency information.
[2025-09-28T19:11:58.503] [DEBUG] debug-file - Module TransitionAnimation-master Collected Dependency: 
[2025-09-28T19:11:58.503] [DEBUG] debug-file - Module TransitionAnimation-master's total dependency: 0
[2025-09-28T19:11:58.504] [DEBUG] debug-file - Start to initialize dependency information.
[2025-09-28T19:11:58.507] [DEBUG] debug-file - Module entry Collected Dependency: 
[2025-09-28T19:11:58.508] [DEBUG] debug-file - Module entry's total dependency: 0
[2025-09-28T19:11:58.512] [DEBUG] debug-file - Configuration phase cost:2 s 453 ms 
[2025-09-28T19:11:58.514] [DEBUG] debug-file - Configuration task cost before running: 2 s 478 ms 
[2025-09-28T19:11:58.517] [DEBUG] debug-file - jsonObjWithoutParam {} at undefined
[2025-09-28T19:11:58.517] [DEBUG] debug-file - jsonObjWithoutParam {} at undefined
[2025-09-28T19:11:58.517] [DEBUG] debug-file - jsonObjWithoutParam {"license":"","devDependencies":{},"author":"","name":"entry","description":"Please describe the basic information.","main":"","version":"1.0.0","dependencies":{}} at undefined
[2025-09-28T19:11:58.521] [DEBUG] debug-file - Executing task :entry:default@PreBuild
[2025-09-28T19:11:58.526] [DEBUG] debug-file - jsonObjWithoutParam {} at undefined
[2025-09-28T19:11:58.527] [DEBUG] debug-file - jsonObjWithoutParam {} at undefined
[2025-09-28T19:11:58.527] [DEBUG] debug-file - jsonObjWithoutParam {"license":"","devDependencies":{},"author":"","name":"entry","description":"Please describe the basic information.","main":"","version":"1.0.0","dependencies":{}} at undefined
[2025-09-28T19:11:58.633] [DEBUG] debug-file - current product is not Atomic service.
[2025-09-28T19:11:58.633] [DEBUG] debug-file - Use tool [win32: JAVA_HOME, CLASSPATH]
 [ { JAVA_HOME: 'E:\\DevEco Studio\\jbr' }, { CLASSPATH: undefined } ]
[2025-09-28T19:11:58.633] [DEBUG] debug-file - Use tool [win32: NODE_HOME]
 [ { NODE_HOME: 'E:\\DevEco Studio\\tools\\node' } ]
[2025-09-28T19:11:58.633] [DEBUG] debug-file - entry : default@PreBuild cost memory -3.1055526733398438
[2025-09-28T19:11:58.634] [DEBUG] debug-file - runTaskFromQueue task cost before running: 2 s 598 ms 
[2025-09-28T19:11:58.636] [INFO] debug-file - Finished :entry:default@PreBuild... after 113 ms 
[2025-09-28T19:11:58.638] [DEBUG] debug-file - jsonObjWithoutParam {} at undefined
[2025-09-28T19:11:58.638] [DEBUG] debug-file - jsonObjWithoutParam {} at undefined
[2025-09-28T19:11:58.638] [DEBUG] debug-file - jsonObjWithoutParam {"license":"","devDependencies":{},"author":"","name":"entry","description":"Please describe the basic information.","main":"","version":"1.0.0","dependencies":{}} at undefined
[2025-09-28T19:11:58.638] [DEBUG] debug-file - Executing task :entry:default@CreateModuleInfo
[2025-09-28T19:11:58.639] [DEBUG] debug-file - Task 'entry:default@CreateModuleInfo' cost while wrapping incremental declarations: 1 ms 
[2025-09-28T19:11:58.640] [DEBUG] debug-file - entry : default@CreateModuleInfo cost memory 0.0549468994140625
[2025-09-28T19:11:58.640] [DEBUG] debug-file - runTaskFromQueue task cost before running: 2 s 604 ms 
[2025-09-28T19:11:58.640] [INFO] debug-file - Finished :entry:default@CreateModuleInfo... after 2 ms 
[2025-09-28T19:11:58.642] [DEBUG] debug-file - jsonObjWithoutParam {} at undefined
[2025-09-28T19:11:58.642] [DEBUG] debug-file - jsonObjWithoutParam {} at undefined
[2025-09-28T19:11:58.642] [DEBUG] debug-file - jsonObjWithoutParam {"license":"","devDependencies":{},"author":"","name":"entry","description":"Please describe the basic information.","main":"","version":"1.0.0","dependencies":{}} at undefined
[2025-09-28T19:11:58.643] [DEBUG] debug-file - Executing task :entry:default@GenerateMetadata
[2025-09-28T19:11:58.644] [DEBUG] debug-file - Task 'entry:default@GenerateMetadata' cost while wrapping incremental declarations: 1 ms 
[2025-09-28T19:11:58.644] [DEBUG] debug-file - jsonObjWithoutParam {} at undefined
[2025-09-28T19:11:58.644] [DEBUG] debug-file - jsonObjWithoutParam {} at undefined
[2025-09-28T19:11:58.644] [DEBUG] debug-file - jsonObjWithoutParam {"license":"","devDependencies":{},"author":"","name":"entry","description":"Please describe the basic information.","main":"","version":"1.0.0","dependencies":{}} at undefined
[2025-09-28T19:11:58.646] [DEBUG] debug-file - entry : default@GenerateMetadata cost memory 0.1149139404296875
[2025-09-28T19:11:58.647] [DEBUG] debug-file - runTaskFromQueue task cost before running: 2 s 611 ms 
[2025-09-28T19:11:58.647] [INFO] debug-file - Finished :entry:default@GenerateMetadata... after 4 ms 
[2025-09-28T19:11:58.648] [DEBUG] debug-file - jsonObjWithoutParam {} at undefined
[2025-09-28T19:11:58.648] [DEBUG] debug-file - jsonObjWithoutParam {} at undefined
[2025-09-28T19:11:58.649] [DEBUG] debug-file - jsonObjWithoutParam {"license":"","devDependencies":{},"author":"","name":"entry","description":"Please describe the basic information.","main":"","version":"1.0.0","dependencies":{}} at undefined
[2025-09-28T19:11:58.649] [DEBUG] debug-file - Executing task :entry:default@ConfigureCmake
[2025-09-28T19:11:58.649] [DEBUG] debug-file - jsonObjWithoutParam {} at undefined
[2025-09-28T19:11:58.649] [DEBUG] debug-file - jsonObjWithoutParam {} at undefined
[2025-09-28T19:11:58.649] [DEBUG] debug-file - jsonObjWithoutParam {"license":"","devDependencies":{},"author":"","name":"entry","description":"Please describe the basic information.","main":"","version":"1.0.0","dependencies":{}} at undefined
[2025-09-28T19:11:58.649] [DEBUG] debug-file - entry : default@ConfigureCmake cost memory 0.0470428466796875
[2025-09-28T19:11:58.649] [DEBUG] debug-file - runTaskFromQueue task cost before running: 2 s 613 ms 
[2025-09-28T19:11:58.649] [INFO] debug-file - Finished :entry:default@ConfigureCmake... after 1 ms 
[2025-09-28T19:11:58.651] [DEBUG] debug-file - jsonObjWithoutParam {} at undefined
[2025-09-28T19:11:58.651] [DEBUG] debug-file - jsonObjWithoutParam {} at undefined
[2025-09-28T19:11:58.651] [DEBUG] debug-file - jsonObjWithoutParam {"license":"","devDependencies":{},"author":"","name":"entry","description":"Please describe the basic information.","main":"","version":"1.0.0","dependencies":{}} at undefined
[2025-09-28T19:11:58.652] [DEBUG] debug-file - Executing task :entry:default@MergeProfile
[2025-09-28T19:11:58.652] [DEBUG] debug-file - jsonObjWithoutParam {} at undefined
[2025-09-28T19:11:58.652] [DEBUG] debug-file - jsonObjWithoutParam {} at undefined
[2025-09-28T19:11:58.652] [DEBUG] debug-file - jsonObjWithoutParam {"license":"","devDependencies":{},"author":"","name":"entry","description":"Please describe the basic information.","main":"","version":"1.0.0","dependencies":{}} at undefined
[2025-09-28T19:11:58.653] [DEBUG] debug-file - Change app api release type with 'Release'
[2025-09-28T19:11:58.653] [DEBUG] debug-file - Change app compile API version with '5.0.5.165'
[2025-09-28T19:11:58.653] [DEBUG] debug-file - Change app target API version with '50005017'
[2025-09-28T19:11:58.653] [DEBUG] debug-file - Change app minimum API version with '50005017'
[2025-09-28T19:11:58.653] [DEBUG] debug-file - Use cli appEnvironment
[2025-09-28T19:11:58.656] [DEBUG] debug-file - entry : default@MergeProfile cost memory 0.1884765625
[2025-09-28T19:11:58.656] [DEBUG] debug-file - runTaskFromQueue task cost before running: 2 s 620 ms 
[2025-09-28T19:11:58.656] [INFO] debug-file - Finished :entry:default@MergeProfile... after 5 ms 
[2025-09-28T19:11:58.658] [DEBUG] debug-file - jsonObjWithoutParam {} at undefined
[2025-09-28T19:11:58.658] [DEBUG] debug-file - jsonObjWithoutParam {} at undefined
[2025-09-28T19:11:58.658] [DEBUG] debug-file - jsonObjWithoutParam {"license":"","devDependencies":{},"author":"","name":"entry","description":"Please describe the basic information.","main":"","version":"1.0.0","dependencies":{}} at undefined
[2025-09-28T19:11:58.659] [DEBUG] debug-file - Executing task :entry:default@CreateBuildProfile
[2025-09-28T19:11:58.660] [DEBUG] debug-file - Task 'entry:default@CreateBuildProfile' cost while wrapping incremental declarations: 1 ms 
[2025-09-28T19:11:58.660] [DEBUG] debug-file - jsonObjWithoutParam {} at undefined
[2025-09-28T19:11:58.660] [DEBUG] debug-file - jsonObjWithoutParam {} at undefined
[2025-09-28T19:11:58.660] [DEBUG] debug-file - jsonObjWithoutParam {"license":"","devDependencies":{},"author":"","name":"entry","description":"Please describe the basic information.","main":"","version":"1.0.0","dependencies":{}} at undefined
[2025-09-28T19:11:58.661] [DEBUG] debug-file - entry : default@CreateBuildProfile cost memory 0.11612701416015625
[2025-09-28T19:11:58.662] [DEBUG] debug-file - runTaskFromQueue task cost before running: 2 s 626 ms 
[2025-09-28T19:11:58.662] [INFO] debug-file - Finished :entry:default@CreateBuildProfile... after 3 ms 
[2025-09-28T19:11:58.663] [DEBUG] debug-file - jsonObjWithoutParam {} at undefined
[2025-09-28T19:11:58.663] [DEBUG] debug-file - jsonObjWithoutParam {} at undefined
[2025-09-28T19:11:58.663] [DEBUG] debug-file - jsonObjWithoutParam {"license":"","devDependencies":{},"author":"","name":"entry","description":"Please describe the basic information.","main":"","version":"1.0.0","dependencies":{}} at undefined
[2025-09-28T19:11:58.664] [DEBUG] debug-file - Executing task :entry:default@PreCheckSyscap
[2025-09-28T19:11:58.664] [DEBUG] debug-file - jsonObjWithoutParam {} at undefined
[2025-09-28T19:11:58.664] [DEBUG] debug-file - jsonObjWithoutParam {} at undefined
[2025-09-28T19:11:58.664] [DEBUG] debug-file - jsonObjWithoutParam {"license":"","devDependencies":{},"author":"","name":"entry","description":"Please describe the basic information.","main":"","version":"1.0.0","dependencies":{}} at undefined
[2025-09-28T19:11:58.664] [DEBUG] debug-file - entry : default@PreCheckSyscap cost memory 0.04727935791015625
[2025-09-28T19:11:58.664] [DEBUG] debug-file - runTaskFromQueue task cost before running: 2 s 628 ms 
[2025-09-28T19:11:58.665] [INFO] debug-file - Finished :entry:default@PreCheckSyscap... after 1 ms 
[2025-09-28T19:11:58.666] [DEBUG] debug-file - jsonObjWithoutParam {} at undefined
[2025-09-28T19:11:58.666] [DEBUG] debug-file - jsonObjWithoutParam {} at undefined
[2025-09-28T19:11:58.666] [DEBUG] debug-file - jsonObjWithoutParam {"license":"","devDependencies":{},"author":"","name":"entry","description":"Please describe the basic information.","main":"","version":"1.0.0","dependencies":{}} at undefined
[2025-09-28T19:11:58.675] [DEBUG] debug-file - Executing task :entry:default@GeneratePkgContextInfo
[2025-09-28T19:11:58.675] [DEBUG] debug-file - Task 'entry:default@GeneratePkgContextInfo' cost while wrapping incremental declarations: 1 ms 
[2025-09-28T19:11:58.675] [DEBUG] debug-file - entry : default@GeneratePkgContextInfo cost memory 0.03639984130859375
[2025-09-28T19:11:58.675] [DEBUG] debug-file - runTaskFromQueue task cost before running: 2 s 639 ms 
[2025-09-28T19:11:58.675] [INFO] debug-file - Finished :entry:default@GeneratePkgContextInfo... after 1 ms 
[2025-09-28T19:11:58.678] [DEBUG] debug-file - jsonObjWithoutParam {} at undefined
[2025-09-28T19:11:58.678] [DEBUG] debug-file - jsonObjWithoutParam {} at undefined
[2025-09-28T19:11:58.678] [DEBUG] debug-file - jsonObjWithoutParam {"license":"","devDependencies":{},"author":"","name":"entry","description":"Please describe the basic information.","main":"","version":"1.0.0","dependencies":{}} at undefined
[2025-09-28T19:11:58.679] [DEBUG] debug-file - Executing task :entry:default@ProcessIntegratedHsp
[2025-09-28T19:11:58.680] [DEBUG] debug-file - jsonObjWithoutParam {} at undefined
[2025-09-28T19:11:58.680] [DEBUG] debug-file - jsonObjWithoutParam {} at undefined
[2025-09-28T19:11:58.681] [DEBUG] debug-file - jsonObjWithoutParam {"license":"","devDependencies":{},"author":"","name":"entry","description":"Please describe the basic information.","main":"","version":"1.0.0","dependencies":{}} at undefined
[2025-09-28T19:11:58.681] [DEBUG] debug-file - entry : default@ProcessIntegratedHsp cost memory 0.07706451416015625
[2025-09-28T19:11:58.681] [DEBUG] debug-file - runTaskFromQueue task cost before running: 2 s 645 ms 
[2025-09-28T19:11:58.681] [INFO] debug-file - Finished :entry:default@ProcessIntegratedHsp... after 2 ms 
[2025-09-28T19:11:58.683] [DEBUG] debug-file - jsonObjWithoutParam {} at undefined
[2025-09-28T19:11:58.683] [DEBUG] debug-file - jsonObjWithoutParam {} at undefined
[2025-09-28T19:11:58.683] [DEBUG] debug-file - jsonObjWithoutParam {"license":"","devDependencies":{},"author":"","name":"entry","description":"Please describe the basic information.","main":"","version":"1.0.0","dependencies":{}} at undefined
[2025-09-28T19:11:58.683] [DEBUG] debug-file - Executing task :entry:default@BuildNativeWithCmake
[2025-09-28T19:11:58.684] [DEBUG] debug-file - jsonObjWithoutParam {} at undefined
[2025-09-28T19:11:58.684] [DEBUG] debug-file - jsonObjWithoutParam {} at undefined
[2025-09-28T19:11:58.684] [DEBUG] debug-file - jsonObjWithoutParam {"license":"","devDependencies":{},"author":"","name":"entry","description":"Please describe the basic information.","main":"","version":"1.0.0","dependencies":{}} at undefined
[2025-09-28T19:11:58.684] [DEBUG] debug-file - entry : default@BuildNativeWithCmake cost memory 0.04891204833984375
[2025-09-28T19:11:58.684] [DEBUG] debug-file - runTaskFromQueue task cost before running: 2 s 648 ms 
[2025-09-28T19:11:58.684] [INFO] debug-file - Finished :entry:default@BuildNativeWithCmake... after 1 ms 
[2025-09-28T19:11:58.685] [DEBUG] debug-file - jsonObjWithoutParam {} at undefined
[2025-09-28T19:11:58.686] [DEBUG] debug-file - jsonObjWithoutParam {} at undefined
[2025-09-28T19:11:58.686] [DEBUG] debug-file - jsonObjWithoutParam {"license":"","devDependencies":{},"author":"","name":"entry","description":"Please describe the basic information.","main":"","version":"1.0.0","dependencies":{}} at undefined
[2025-09-28T19:11:58.686] [DEBUG] debug-file - Executing task :entry:default@MakePackInfo
[2025-09-28T19:11:58.687] [DEBUG] debug-file - jsonObjWithoutParam {} at undefined
[2025-09-28T19:11:58.687] [DEBUG] debug-file - jsonObjWithoutParam {} at undefined
[2025-09-28T19:11:58.687] [DEBUG] debug-file - jsonObjWithoutParam {"license":"","devDependencies":{},"author":"","name":"entry","description":"Please describe the basic information.","main":"","version":"1.0.0","dependencies":{}} at undefined
[2025-09-28T19:11:58.688] [DEBUG] debug-file - Module Pack Info:  {
  summary: {
    app: { bundleName: 'c***n', bundleType: 'app', version: [Object] },
    modules: [ [Object] ]
  },
  packages: [
    {
      deviceType: [Array],
      moduleType: 'entry',
      deliveryWithInstall: true,
      name: 'entry-default'
    }
  ]
}
[2025-09-28T19:11:58.689] [DEBUG] debug-file - entry : default@MakePackInfo cost memory 0.15354156494140625
[2025-09-28T19:11:58.689] [DEBUG] debug-file - runTaskFromQueue task cost before running: 2 s 653 ms 
[2025-09-28T19:11:58.690] [INFO] debug-file - Finished :entry:default@MakePackInfo... after 4 ms 
[2025-09-28T19:11:58.692] [DEBUG] debug-file - jsonObjWithoutParam {} at undefined
[2025-09-28T19:11:58.692] [DEBUG] debug-file - jsonObjWithoutParam {} at undefined
[2025-09-28T19:11:58.692] [DEBUG] debug-file - jsonObjWithoutParam {"license":"","devDependencies":{},"author":"","name":"entry","description":"Please describe the basic information.","main":"","version":"1.0.0","dependencies":{}} at undefined
[2025-09-28T19:11:58.693] [DEBUG] debug-file - Executing task :entry:default@SyscapTransform
[2025-09-28T19:11:58.693] [DEBUG] debug-file - File: 'E:\HarmonyOS_Learning\TransitionAnimation-master\entry\src\main\syscap.json' from 'sysCapJsonPath' is not exists, just ignore.
[2025-09-28T19:11:58.694] [DEBUG] debug-file - Task 'entry:default@SyscapTransform' cost while wrapping incremental declarations: 1 ms 
[2025-09-28T19:11:58.694] [DEBUG] debug-file - jsonObjWithoutParam {} at undefined
[2025-09-28T19:11:58.694] [DEBUG] debug-file - jsonObjWithoutParam {} at undefined
[2025-09-28T19:11:58.694] [DEBUG] debug-file - jsonObjWithoutParam {"license":"","devDependencies":{},"author":"","name":"entry","description":"Please describe the basic information.","main":"","version":"1.0.0","dependencies":{}} at undefined
[2025-09-28T19:11:58.695] [DEBUG] debug-file - entry : default@SyscapTransform cost memory 0.32767486572265625
[2025-09-28T19:11:58.695] [DEBUG] debug-file - runTaskFromQueue task cost before running: 2 s 659 ms 
[2025-09-28T19:11:58.695] [INFO] debug-file - Finished :entry:default@SyscapTransform... after 2 ms 
[2025-09-28T19:11:58.696] [DEBUG] debug-file - jsonObjWithoutParam {} at undefined
[2025-09-28T19:11:58.697] [DEBUG] debug-file - jsonObjWithoutParam {} at undefined
[2025-09-28T19:11:58.697] [DEBUG] debug-file - jsonObjWithoutParam {"license":"","devDependencies":{},"author":"","name":"entry","description":"Please describe the basic information.","main":"","version":"1.0.0","dependencies":{}} at undefined
[2025-09-28T19:11:58.698] [DEBUG] debug-file - Executing task :entry:default@ProcessProfile
[2025-09-28T19:11:58.699] [DEBUG] debug-file - jsonObjWithoutParam {} at undefined
[2025-09-28T19:11:58.699] [DEBUG] debug-file - jsonObjWithoutParam {} at undefined
[2025-09-28T19:11:58.699] [DEBUG] debug-file - jsonObjWithoutParam {"license":"","devDependencies":{},"author":"","name":"entry","description":"Please describe the basic information.","main":"","version":"1.0.0","dependencies":{}} at undefined
[2025-09-28T19:11:58.700] [DEBUG] debug-file - [
  'E:\\DevEco Studio\\tools\\node\\node.exe',
  'E:\\DevEco Studio\\sdk\\default\\openharmony\\ets\\build-tools\\ets-loader\\bin\\ark\\ts2abc.js',
  '--target-api-version',
  '17'
]
[2025-09-28T19:11:58.901] [DEBUG] debug-file - 12.0.6.0
[2025-09-28T19:11:58.905] [DEBUG] debug-file - entry : default@ProcessProfile cost memory 1.872039794921875
[2025-09-28T19:11:58.905] [DEBUG] debug-file - runTaskFromQueue task cost before running: 2 s 869 ms 
[2025-09-28T19:11:58.905] [INFO] debug-file - Finished :entry:default@ProcessProfile... after 207 ms 
[2025-09-28T19:11:58.907] [DEBUG] debug-file - jsonObjWithoutParam {} at undefined
[2025-09-28T19:11:58.907] [DEBUG] debug-file - jsonObjWithoutParam {} at undefined
[2025-09-28T19:11:58.907] [DEBUG] debug-file - jsonObjWithoutParam {"license":"","devDependencies":{},"author":"","name":"entry","description":"Please describe the basic information.","main":"","version":"1.0.0","dependencies":{}} at undefined
[2025-09-28T19:11:58.908] [DEBUG] debug-file - Executing task :entry:default@ProcessRouterMap
[2025-09-28T19:11:58.909] [DEBUG] debug-file - jsonObjWithoutParam {} at undefined
[2025-09-28T19:11:58.909] [DEBUG] debug-file - jsonObjWithoutParam {} at undefined
[2025-09-28T19:11:58.909] [DEBUG] debug-file - jsonObjWithoutParam {"license":"","devDependencies":{},"author":"","name":"entry","description":"Please describe the basic information.","main":"","version":"1.0.0","dependencies":{}} at undefined
[2025-09-28T19:11:58.912] [DEBUG] debug-file - entry : default@ProcessRouterMap cost memory 0.13005828857421875
[2025-09-28T19:11:58.912] [DEBUG] debug-file - runTaskFromQueue task cost before running: 2 s 876 ms 
[2025-09-28T19:11:58.913] [INFO] debug-file - Finished :entry:default@ProcessRouterMap... after 5 ms 
[2025-09-28T19:11:58.914] [DEBUG] debug-file - jsonObjWithoutParam {} at undefined
[2025-09-28T19:11:58.915] [DEBUG] debug-file - jsonObjWithoutParam {} at undefined
[2025-09-28T19:11:58.915] [DEBUG] debug-file - jsonObjWithoutParam {"license":"","devDependencies":{},"author":"","name":"entry","description":"Please describe the basic information.","main":"","version":"1.0.0","dependencies":{}} at undefined
[2025-09-28T19:11:58.915] [DEBUG] debug-file - Executing task :entry:default@BuildNativeWithNinja
[2025-09-28T19:11:58.915] [DEBUG] debug-file - jsonObjWithoutParam {} at undefined
[2025-09-28T19:11:58.915] [DEBUG] debug-file - jsonObjWithoutParam {} at undefined
[2025-09-28T19:11:58.915] [DEBUG] debug-file - jsonObjWithoutParam {"license":"","devDependencies":{},"author":"","name":"entry","description":"Please describe the basic information.","main":"","version":"1.0.0","dependencies":{}} at undefined
[2025-09-28T19:11:58.917] [DEBUG] debug-file - entry : default@BuildNativeWithNinja cost memory 0.30368804931640625
[2025-09-28T19:11:58.917] [DEBUG] debug-file - runTaskFromQueue task cost before running: 2 s 881 ms 
[2025-09-28T19:11:58.918] [INFO] debug-file - Finished :entry:default@BuildNativeWithNinja... after 3 ms 
[2025-09-28T19:11:58.919] [DEBUG] debug-file - jsonObjWithoutParam {} at undefined
[2025-09-28T19:11:58.919] [DEBUG] debug-file - jsonObjWithoutParam {} at undefined
[2025-09-28T19:11:58.919] [DEBUG] debug-file - jsonObjWithoutParam {"license":"","devDependencies":{},"author":"","name":"entry","description":"Please describe the basic information.","main":"","version":"1.0.0","dependencies":{}} at undefined
[2025-09-28T19:11:58.920] [DEBUG] debug-file - restool module names: entry; moduleName=entry, taskName=default@ProcessResource
[2025-09-28T19:11:58.923] [DEBUG] debug-file - Executing task :entry:default@ProcessResource
[2025-09-28T19:11:58.924] [DEBUG] debug-file - jsonObjWithoutParam {} at undefined
[2025-09-28T19:11:58.924] [DEBUG] debug-file - jsonObjWithoutParam {} at undefined
[2025-09-28T19:11:58.924] [DEBUG] debug-file - jsonObjWithoutParam {"license":"","devDependencies":{},"author":"","name":"entry","description":"Please describe the basic information.","main":"","version":"1.0.0","dependencies":{}} at undefined
[2025-09-28T19:11:58.926] [DEBUG] debug-file - entry : default@ProcessResource cost memory 0.17549896240234375
[2025-09-28T19:11:58.927] [DEBUG] debug-file - runTaskFromQueue task cost before running: 2 s 891 ms 
[2025-09-28T19:11:58.929] [INFO] debug-file - Finished :entry:default@ProcessResource... after 5 ms 
[2025-09-28T19:11:58.931] [DEBUG] debug-file - jsonObjWithoutParam {} at undefined
[2025-09-28T19:11:58.931] [DEBUG] debug-file - jsonObjWithoutParam {} at undefined
[2025-09-28T19:11:58.931] [DEBUG] debug-file - jsonObjWithoutParam {"license":"","devDependencies":{},"author":"","name":"entry","description":"Please describe the basic information.","main":"","version":"1.0.0","dependencies":{}} at undefined
[2025-09-28T19:11:58.934] [DEBUG] debug-file - Executing task :entry:default@GenerateLoaderJson
[2025-09-28T19:11:58.947] [DEBUG] debug-file - entry : default@GenerateLoaderJson cost memory 0.7476654052734375
[2025-09-28T19:11:58.947] [DEBUG] debug-file - runTaskFromQueue task cost before running: 2 s 911 ms 
[2025-09-28T19:11:58.951] [INFO] debug-file - Finished :entry:default@GenerateLoaderJson... after 14 ms 
[2025-09-28T19:11:58.953] [DEBUG] debug-file - jsonObjWithoutParam {} at undefined
[2025-09-28T19:11:58.953] [DEBUG] debug-file - jsonObjWithoutParam {} at undefined
[2025-09-28T19:11:58.953] [DEBUG] debug-file - jsonObjWithoutParam {"license":"","devDependencies":{},"author":"","name":"entry","description":"Please describe the basic information.","main":"","version":"1.0.0","dependencies":{}} at undefined
[2025-09-28T19:11:58.953] [DEBUG] debug-file - Executing task :entry:default@ProcessLibs
[2025-09-28T19:11:58.955] [DEBUG] debug-file - jsonObjWithoutParam {} at undefined
[2025-09-28T19:11:58.955] [DEBUG] debug-file - jsonObjWithoutParam {} at undefined
[2025-09-28T19:11:58.955] [DEBUG] debug-file - jsonObjWithoutParam {"license":"","devDependencies":{},"author":"","name":"entry","description":"Please describe the basic information.","main":"","version":"1.0.0","dependencies":{}} at undefined
[2025-09-28T19:11:58.958] [DEBUG] debug-file - Since there is no instance or instance is terminated, create a new worker pool.
[2025-09-28T19:11:58.958] [DEBUG] debug-file - Worker pool is initialized with config:  {
  minPoolNum: 2,
  maxPoolNum: undefined,
  maxCoreSize: undefined,
  cacheCapacity: undefined,
  cacheTtl: undefined
}
[2025-09-28T19:11:58.959] [DEBUG] debug-file - Create  resident worker with id: 0.
[2025-09-28T19:11:58.961] [DEBUG] debug-file - Create  resident worker with id: 1.
[2025-09-28T19:11:58.964] [DEBUG] debug-file - default@ProcessLibs work[0] is submitted.
[2025-09-28T19:11:58.965] [DEBUG] debug-file - default@ProcessLibs work[0] is pushed to ready queue.
[2025-09-28T19:11:58.965] [DEBUG] debug-file - A work dispatched to worker[19] failed because unable to get work from ready queue.
[2025-09-28T19:11:58.965] [DEBUG] debug-file - Create  resident worker with id: 18.
[2025-09-28T19:11:58.966] [DEBUG] debug-file - default@ProcessLibs work[0] has been dispatched to worker[18].
[2025-09-28T19:11:58.966] [DEBUG] debug-file - default@ProcessLibs work[0] is dispatched.
[2025-09-28T19:11:58.966] [DEBUG] debug-file - entry : default@ProcessLibs cost memory 1.3208389282226562
[2025-09-28T19:11:58.968] [DEBUG] debug-file - jsonObjWithoutParam {} at undefined
[2025-09-28T19:11:58.968] [DEBUG] debug-file - jsonObjWithoutParam {} at undefined
[2025-09-28T19:11:58.968] [DEBUG] debug-file - jsonObjWithoutParam {"license":"","devDependencies":{},"author":"","name":"entry","description":"Please describe the basic information.","main":"","version":"1.0.0","dependencies":{}} at undefined
[2025-09-28T19:11:58.969] [DEBUG] debug-file - restool module names: entry; moduleName=entry, taskName=default@CompileResource
[2025-09-28T19:11:58.971] [DEBUG] debug-file - Executing task :entry:default@CompileResource
[2025-09-28T19:11:58.980] [DEBUG] debug-file - Use tool [E:\DevEco Studio\sdk\default\openharmony\toolchains\restool.exe]
 [
  'E:\\DevEco Studio\\sdk\\default\\openharmony\\toolchains\\restool.exe',
  '-l',
  'E:\\HarmonyOS_Learning\\TransitionAnimation-master\\entry\\build\\default\\intermediates\\res\\default\\resConfig.json'
]
[2025-09-28T19:11:58.982] [DEBUG] debug-file - current process  memoryUsage: {
  rss: 219324416,
  heapTotal: 156442624,
  heapUsed: 123233424,
  external: 3057167,
  arrayBuffers: 211869
} os memoryUsage :14.48196792602539
[2025-09-28T19:11:59.072] [DEBUG] debug-file - Info: thread pool is started

[2025-09-28T19:11:59.074] [DEBUG] debug-file - Info: GenericCompiler::CompileFiles

[2025-09-28T19:11:59.074] [DEBUG] debug-file - Info: thread pool is started

[2025-09-28T19:11:59.078] [DEBUG] debug-file - Info: thread pool is stopped

[2025-09-28T19:11:59.084] [DEBUG] debug-file - Info: GenericCompiler::CompileFiles

[2025-09-28T19:11:59.084] [DEBUG] debug-file - Info: thread pool is started

[2025-09-28T19:11:59.099] [DEBUG] debug-file - Info: thread pool is stopped

[2025-09-28T19:11:59.099] [DEBUG] debug-file - Info: GenericCompiler::CompileFiles

[2025-09-28T19:11:59.099] [DEBUG] debug-file - Info: thread pool is started

[2025-09-28T19:11:59.101] [DEBUG] debug-file - Info: thread pool is stopped

[2025-09-28T19:11:59.106] [DEBUG] debug-file - 09-28 19:11:59.107 82312 68916 E C01400/ImageTranscoderUtils: DecodeToRGBA IN
09-28 19:11:59.107 82312 68916 E C01400/ImageTranscoderUtils: ImageFilter IN E:\HarmonyOS_Learning\TransitionAnimation-master\AppScope\resources\base\media\app_icon.png

[2025-09-28T19:11:59.107] [DEBUG] debug-file - 09-28 19:11:59.107 82312 68916 E C01400/ImageTranscoder: TranscodeSLR Only zoom-out is supported.

[2025-09-28T19:11:59.107] [DEBUG] debug-file - Warning: ScaleImage failed, error message: INVALID_PARAMETERS, file path = E:\HarmonyOS_Learning\TransitionAnimation-master\AppScope\resources\base\media\app_icon.png

[2025-09-28T19:11:59.108] [DEBUG] debug-file - 09-28 19:11:59.109 82312 68916 E C01400/ImageTranscoderUtils: DecodeToRGBA IN
09-28 19:11:59.109 82312 68916 E C01400/ImageTranscoderUtils: ImageFilter IN E:\HarmonyOS_Learning\TransitionAnimation-master\entry\src\main\resources\base\media\background.png

[2025-09-28T19:11:59.110] [DEBUG] debug-file - 09-28 19:11:59.111 82312 68916 E C01400/ImageTranscoder: TranscodeSLR Only zoom-out is supported.

[2025-09-28T19:11:59.110] [DEBUG] debug-file - Warning: ScaleImage failed, error message: INVALID_PARAMETERS, file path = E:\HarmonyOS_Learning\TransitionAnimation-master\entry\src\main\resources\base\media\background.png

[2025-09-28T19:11:59.112] [DEBUG] debug-file - 09-28 19:11:59.112 82312 68916 E C01400/ImageTranscoderUtils: DecodeToRGBA IN

[2025-09-28T19:11:59.112] [DEBUG] debug-file - 09-28 19:11:59.112 82312 68916 E C01400/ImageTranscoderUtils: ImageFilter IN E:\HarmonyOS_Learning\TransitionAnimation-master\entry\src\main\resources\base\media\foreground.png

[2025-09-28T19:11:59.113] [DEBUG] debug-file - 09-28 19:11:59.113 82312 68916 E C01400/ImageTranscoder: TranscodeSLR Only zoom-out is supported.

[2025-09-28T19:11:59.113] [DEBUG] debug-file - Warning: ScaleImage failed, error message: INVALID_PARAMETERS, file path = E:\HarmonyOS_Learning\TransitionAnimation-master\entry\src\main\resources\base\media\foreground.png

[2025-09-28T19:11:59.114] [DEBUG] debug-file - Info: can't scale media json file.

[2025-09-28T19:11:59.114] [DEBUG] debug-file - Warning: E:\HarmonyOS_Learning\TransitionAnimation-master\entry\src\main\resources\base\media\layered_image.json is not png format

[2025-09-28T19:11:59.115] [DEBUG] debug-file - Info: thread pool is stopped

[2025-09-28T19:11:59.116] [DEBUG] debug-file - Info: restool resources compile success.

[2025-09-28T19:11:59.182] [DEBUG] debug-file - astcenc customized so is not be opened when dlclose!

[2025-09-28T19:11:59.187] [DEBUG] debug-file - entry : default@CompileResource cost memory -10.314590454101562
[2025-09-28T19:11:59.187] [DEBUG] debug-file - runTaskFromQueue task cost before running: 3 s 151 ms 
[2025-09-28T19:11:59.188] [INFO] debug-file - Finished :entry:default@CompileResource... after 216 ms 
[2025-09-28T19:11:59.190] [DEBUG] debug-file - jsonObjWithoutParam {} at undefined
[2025-09-28T19:11:59.190] [DEBUG] debug-file - jsonObjWithoutParam {} at undefined
[2025-09-28T19:11:59.190] [DEBUG] debug-file - jsonObjWithoutParam {"license":"","devDependencies":{},"author":"","name":"entry","description":"Please describe the basic information.","main":"","version":"1.0.0","dependencies":{}} at undefined
[2025-09-28T19:11:59.192] [DEBUG] debug-file - Executing task :entry:default@CompileArkTS
[2025-09-28T19:11:59.224] [DEBUG] debug-file - build config:
[2025-09-28T19:11:59.224] [DEBUG] debug-file - {
  moduleType: 'entry',
  perf: 0,
  targetName: '.default',
  packageManagerType: 'ohpm',
  localPropertiesPath: 'E:\\HarmonyOS_Learning\\TransitionAnimation-master\\local.properties',
  isPreview: false,
  isOhosTest: false,
  isLocalTest: false,
  buildMode: 'Debug',
  watchMode: 'false',
  aceProfilePath: 'E:\\HarmonyOS_Learning\\TransitionAnimation-master\\entry\\build\\default\\intermediates\\res\\default\\resources\\base\\profile',
  etsLoaderPath: 'E:\\DevEco Studio\\sdk\\default\\openharmony\\ets\\build-tools\\ets-loader',
  modulePath: 'E:\\HarmonyOS_Learning\\TransitionAnimation-master\\entry',
  testFrameworkPar: {
    testMode: undefined,
    coveragePathFilter: undefined,
    coverageMode: undefined
  },
  needCoverageInsert: false,
  debugLine: false,
  projectTopDir: 'E:\\HarmonyOS_Learning\\TransitionAnimation-master',
  compileSdkVersion: 17,
  compatibleSdkVersion: 17,
  compatibleSdkVersionStage: undefined,
  bundleName: 'c***n',
  etsLoaderVersion: '5.0.5.165',
  etsLoaderReleaseType: 'Release',
  aotCompileMode: 'type',
  apPath: 'E:\\HarmonyOS_Learning\\TransitionAnimation-master\\entry\\modules.ap',
  entryModuleName: 'entry',
  entryModuleVersion: '1.0.0',
  entryPackageName: 'entry',
  allModuleNameHash: '38eebcd0193774a5e9c4e3f9b3809eac',
  externalApiPaths: [ 'E:\\DevEco Studio\\sdk\\default\\hms\\ets' ],
  compilerTypes: undefined,
  isCrossplatform: false,
  hvigorPluginFile: undefined,
  compilePluginPath: undefined,
  buildGeneratedProfilePath: 'E:\\HarmonyOS_Learning\\TransitionAnimation-master\\entry\\build\\default\\generated\\profile\\default',
  bundleType: 'app',
  arkTSVersion: undefined,
  apiVersion: 17,
  needCompleteSourcesMap: false,
  isFaMode: false,
  strictMode: undefined,
  buildDir: 'E:\\HarmonyOS_Learning\\TransitionAnimation-master\\entry\\build',
  deviceTypes: [ 'phone' ],
  useNormalizedOHMUrl: false,
  pkgContextInfo: undefined,
  ohPackagePathMap: {},
  dependencyAliasMap: {},
  permission: { requestPermissions: undefined, definePermissions: undefined },
  integratedHsp: false,
  projectArkOption: undefined,
  sourceMapDir: undefined,
  branchElimination: false,
  transformLib: undefined,
  caseSensitiveCheck: false,
  tsImportSendable: false,
  resolveConflictMode: true,
  depName2RootPath: {},
  depName2DepInfo: {},
  rootPathSet: [ 'E:\\HarmonyOS_Learning\\TransitionAnimation-master' ],
  useNativeResolver: true,
  shouldEmitJs: true,
  autoLazyImport: undefined,
  allowEmptyBundleName: false,
  singleFileEmit: false,
  arkCompileCachePath: 'E:\\HarmonyOS_Learning\\TransitionAnimation-master\\entry\\build\\default\\cache\\default\\default@CompileArkTS\\esmodule',
  reExportCheckMode: 'noCheck',
  aceModuleJsonPath: 'E:\\HarmonyOS_Learning\\TransitionAnimation-master\\entry\\build\\default\\intermediates\\res\\default\\ark_module.json',
  appResource: 'E:\\HarmonyOS_Learning\\TransitionAnimation-master\\entry\\build\\default\\intermediates\\res\\default\\ResourceTable.txt',
  rawFileResource: 'E:\\HarmonyOS_Learning\\TransitionAnimation-master\\entry\\build\\default\\intermediates\\res\\default\\resources\\rawfile',
  resourceTableHash: '5679b331fed45840f2835ddc1408702f',
  runtimeOS: 'HarmonyOS',
  sdkInfo: 'false:17:5.0.5.165:Release',
  aceModuleRoot: 'E:\\HarmonyOS_Learning\\TransitionAnimation-master\\entry\\src\\main\\ets',
  compileMode: 'esmodule',
  aceSuperVisualPath: 'E:\\HarmonyOS_Learning\\TransitionAnimation-master\\entry\\src\\main\\supervisual',
  aceBuildJson: 'E:\\HarmonyOS_Learning\\TransitionAnimation-master\\entry\\build\\default\\intermediates\\loader\\default\\loader.json',
  cachePath: 'E:\\HarmonyOS_Learning\\TransitionAnimation-master\\entry\\build\\default\\cache\\default\\default@CompileArkTS\\esmodule\\debug',
  aceModuleBuild: 'E:\\HarmonyOS_Learning\\TransitionAnimation-master\\entry\\build\\default\\intermediates\\loader_out\\default\\ets',
  supportChunks: true,
  declaredFilesPath: undefined,
  pkgNameToPkgBriefInfo: {
    entry: {
      pkgRoot: 'E:\\HarmonyOS_Learning\\TransitionAnimation-master\\entry',
      originalSourceRoots: undefined,
      sourceRoots: [Array],
      pkgName: 'entry'
    }
  },
  projectModel: {
    'E:\\HarmonyOS_Learning\\TransitionAnimation-master\\entry\\src\\main': {
      moduleName: 'entry',
      modulePkgPath: 'E:\\HarmonyOS_Learning\\TransitionAnimation-master\\entry',
      belongProjectPath: 'E:\\HarmonyOS_Learning\\TransitionAnimation-master'
    },
    'E:\\HarmonyOS_Learning\\TransitionAnimation-master\\entry': {
      moduleName: 'entry',
      modulePkgPath: 'E:\\HarmonyOS_Learning\\TransitionAnimation-master\\entry',
      belongProjectPath: 'E:\\HarmonyOS_Learning\\TransitionAnimation-master'
    },
    'E:\\HarmonyOS_Learning\\TransitionAnimation-master': {
      moduleName: 'TransitionAnimation-master',
      modulePkgPath: 'E:\\HarmonyOS_Learning\\TransitionAnimation-master',
      belongProjectPath: 'E:\\HarmonyOS_Learning\\TransitionAnimation-master'
    }
  },
  pkgJsonFileHash: '172beb4545b6b99fb4e8f4dca3554044',
  allModulePaths: [ 'E:\\HarmonyOS_Learning\\TransitionAnimation-master\\entry' ],
  routerMap: {},
  obfuscationOptions: undefined,
  compileBlockPkg: [],
  mockParams: {
    decorator: '@MockSetup',
    packageName: '@ohos/hamock',
    etsSourceRootPath: 'src/main/ets',
    mockConfigPath: undefined,
    mockConfigKey2ModuleInfo: {}
  },
  copyCodeResourceEnable: true,
  copyCodeResourceExcludes: [],
  uiTransformOptimization: false,
  otherPaths: {
    'entry/*': [
      '..\\*',
      '..\\..\\..\\build\\default\\generated\\profile\\default\\*'
    ]
  },
  collectImportersConfig: undefined
}
[2025-09-28T19:11:59.224] [DEBUG] debug-file - Compile arkts with external api path: E:\DevEco Studio\sdk\default\hms\ets
[2025-09-28T19:11:59.226] [DEBUG] debug-file - default@CompileArkTS work[1] is submitted.
[2025-09-28T19:11:59.226] [DEBUG] debug-file - default@CompileArkTS work[1] is pushed to ready queue.
[2025-09-28T19:11:59.226] [DEBUG] debug-file - A work dispatched to worker[19] failed because unable to get work from ready queue.
[2025-09-28T19:11:59.226] [DEBUG] debug-file - A work dispatched to worker[18] failed because of worker busy.
[2025-09-28T19:11:59.226] [DEBUG] debug-file - A work dispatched to worker[17] failed because unable to get work from ready queue.
[2025-09-28T19:11:59.226] [DEBUG] debug-file - A work dispatched to worker[16] failed because unable to get work from ready queue.
[2025-09-28T19:11:59.226] [DEBUG] debug-file - A work dispatched to worker[15] failed because unable to get work from ready queue.
[2025-09-28T19:11:59.227] [DEBUG] debug-file - A work dispatched to worker[14] failed because unable to get work from ready queue.
[2025-09-28T19:11:59.227] [DEBUG] debug-file - A work dispatched to worker[13] failed because unable to get work from ready queue.
[2025-09-28T19:11:59.227] [DEBUG] debug-file - A work dispatched to worker[12] failed because unable to get work from ready queue.
[2025-09-28T19:11:59.227] [DEBUG] debug-file - A work dispatched to worker[11] failed because unable to get work from ready queue.
[2025-09-28T19:11:59.227] [DEBUG] debug-file - A work dispatched to worker[10] failed because unable to get work from ready queue.
[2025-09-28T19:11:59.227] [DEBUG] debug-file - A work dispatched to worker[9] failed because unable to get work from ready queue.
[2025-09-28T19:11:59.227] [DEBUG] debug-file - A work dispatched to worker[8] failed because unable to get work from ready queue.
[2025-09-28T19:11:59.227] [DEBUG] debug-file - A work dispatched to worker[7] failed because unable to get work from ready queue.
[2025-09-28T19:11:59.227] [DEBUG] debug-file - A work dispatched to worker[6] failed because unable to get work from ready queue.
[2025-09-28T19:11:59.227] [DEBUG] debug-file - A work dispatched to worker[5] failed because unable to get work from ready queue.
[2025-09-28T19:11:59.227] [DEBUG] debug-file - Create  resident worker with id: 4.
[2025-09-28T19:11:59.228] [DEBUG] debug-file - default@CompileArkTS work[1] has been dispatched to worker[4].
[2025-09-28T19:11:59.228] [DEBUG] debug-file - default@CompileArkTS work[1] is dispatched.
[2025-09-28T19:11:59.228] [DEBUG] debug-file - CopyResources startTime: 412579970373500
[2025-09-28T19:11:59.228] [DEBUG] debug-file - default@CompileArkTS work[2] is submitted.
[2025-09-28T19:11:59.229] [DEBUG] debug-file - default@CompileArkTS work[2] is pushed to ready queue.
[2025-09-28T19:11:59.229] [DEBUG] debug-file - A work dispatched to worker[19] failed because unable to get work from ready queue.
[2025-09-28T19:11:59.229] [DEBUG] debug-file - A work dispatched to worker[18] failed because of worker busy.
[2025-09-28T19:11:59.229] [DEBUG] debug-file - Create  resident worker with id: 17.
[2025-09-28T19:11:59.230] [DEBUG] debug-file - default@CompileArkTS work[2] has been dispatched to worker[17].
[2025-09-28T19:11:59.230] [DEBUG] debug-file - default@CompileArkTS work[2] is dispatched.
[2025-09-28T19:11:59.230] [DEBUG] debug-file - entry : default@CompileArkTS cost memory 1.8916702270507812
[2025-09-28T19:11:59.232] [DEBUG] debug-file - jsonObjWithoutParam {} at undefined
[2025-09-28T19:11:59.232] [DEBUG] debug-file - jsonObjWithoutParam {} at undefined
[2025-09-28T19:11:59.232] [DEBUG] debug-file - jsonObjWithoutParam {"license":"","devDependencies":{},"author":"","name":"entry","description":"Please describe the basic information.","main":"","version":"1.0.0","dependencies":{}} at undefined
[2025-09-28T19:11:59.234] [DEBUG] debug-file - Executing task :entry:default@BuildJS
[2025-09-28T19:11:59.237] [DEBUG] debug-file - entry : default@BuildJS cost memory 0.11237335205078125
[2025-09-28T19:11:59.237] [DEBUG] debug-file - runTaskFromQueue task cost before running: 3 s 201 ms 
[2025-09-28T19:11:59.237] [INFO] debug-file - Finished :entry:default@BuildJS... after 4 ms 
[2025-09-28T19:12:00.075] [DEBUG] debug-file - worker[18] has one work done.
[2025-09-28T19:12:00.075] [DEBUG] debug-file - default@ProcessLibs work[0] done.
[2025-09-28T19:12:00.076] [DEBUG] debug-file - A work dispatched to worker[18] failed because unable to get work from ready queue.
[2025-09-28T19:12:00.077] [INFO] debug-file - Finished :entry:default@ProcessLibs... after 15 ms 
[2025-09-28T19:12:00.079] [DEBUG] debug-file - jsonObjWithoutParam {} at undefined
[2025-09-28T19:12:00.079] [DEBUG] debug-file - jsonObjWithoutParam {} at undefined
[2025-09-28T19:12:00.079] [DEBUG] debug-file - jsonObjWithoutParam {"license":"","devDependencies":{},"author":"","name":"entry","description":"Please describe the basic information.","main":"","version":"1.0.0","dependencies":{}} at undefined
[2025-09-28T19:12:00.081] [DEBUG] debug-file - Executing task :entry:default@DoNativeStrip
[2025-09-28T19:12:00.081] [DEBUG] debug-file - Task 'entry:default@DoNativeStrip' cost while wrapping incremental declarations: 1 ms 
[2025-09-28T19:12:00.081] [DEBUG] debug-file - jsonObjWithoutParam {} at undefined
[2025-09-28T19:12:00.081] [DEBUG] debug-file - jsonObjWithoutParam {} at undefined
[2025-09-28T19:12:00.081] [DEBUG] debug-file - jsonObjWithoutParam {"license":"","devDependencies":{},"author":"","name":"entry","description":"Please describe the basic information.","main":"","version":"1.0.0","dependencies":{}} at undefined
[2025-09-28T19:12:00.082] [DEBUG] debug-file - default@DoNativeStrip work[3] is submitted.
[2025-09-28T19:12:00.083] [DEBUG] debug-file - default@DoNativeStrip work[3] is pushed to ready queue.
[2025-09-28T19:12:00.083] [DEBUG] debug-file - A work dispatched to worker[19] failed because unable to get work from ready queue.
[2025-09-28T19:12:00.083] [DEBUG] debug-file - default@DoNativeStrip work[3] has been dispatched to worker[18].
[2025-09-28T19:12:00.083] [DEBUG] debug-file - default@DoNativeStrip work[3] is dispatched.
[2025-09-28T19:12:00.083] [DEBUG] debug-file - entry : default@DoNativeStrip cost memory 0.19823455810546875
[2025-09-28T19:12:00.096] [DEBUG] debug-file - worker[18] has one work done.
[2025-09-28T19:12:00.096] [DEBUG] debug-file - default@DoNativeStrip work[3] done.
[2025-09-28T19:12:00.096] [DEBUG] debug-file - A work dispatched to worker[18] failed because unable to get work from ready queue.
[2025-09-28T19:12:00.096] [INFO] debug-file - Finished :entry:default@DoNativeStrip... after 9 ms 
[2025-09-28T19:12:00.098] [DEBUG] debug-file - jsonObjWithoutParam {} at undefined
[2025-09-28T19:12:00.098] [DEBUG] debug-file - jsonObjWithoutParam {} at undefined
[2025-09-28T19:12:00.098] [DEBUG] debug-file - jsonObjWithoutParam {"license":"","devDependencies":{},"author":"","name":"entry","description":"Please describe the basic information.","main":"","version":"1.0.0","dependencies":{}} at undefined
[2025-09-28T19:12:00.100] [DEBUG] debug-file - Executing task :entry:default@CacheNativeLibs
[2025-09-28T19:12:00.100] [DEBUG] debug-file - Task 'entry:default@CacheNativeLibs' cost while wrapping incremental declarations: 1 ms 
[2025-09-28T19:12:00.100] [DEBUG] debug-file - jsonObjWithoutParam {} at undefined
[2025-09-28T19:12:00.100] [DEBUG] debug-file - jsonObjWithoutParam {} at undefined
[2025-09-28T19:12:00.100] [DEBUG] debug-file - jsonObjWithoutParam {"license":"","devDependencies":{},"author":"","name":"entry","description":"Please describe the basic information.","main":"","version":"1.0.0","dependencies":{}} at undefined
[2025-09-28T19:12:00.100] [DEBUG] debug-file - default@CacheNativeLibs work[4] is submitted.
[2025-09-28T19:12:00.101] [DEBUG] debug-file - default@CacheNativeLibs work[4] is pushed to ready queue.
[2025-09-28T19:12:00.101] [DEBUG] debug-file - A work dispatched to worker[19] failed because unable to get work from ready queue.
[2025-09-28T19:12:00.101] [DEBUG] debug-file - default@CacheNativeLibs work[4] has been dispatched to worker[18].
[2025-09-28T19:12:00.101] [DEBUG] debug-file - default@CacheNativeLibs work[4] is dispatched.
[2025-09-28T19:12:00.101] [DEBUG] debug-file - entry : default@CacheNativeLibs cost memory 0.1908111572265625
[2025-09-28T19:12:00.126] [DEBUG] debug-file - worker[17] has one work done.
[2025-09-28T19:12:00.127] [DEBUG] debug-file - CopyResources is end, endTime: 412580869177800
[2025-09-28T19:12:00.127] [DEBUG] debug-file - default@CompileArkTS work[2] done.
[2025-09-28T19:12:00.127] [DEBUG] debug-file - A work dispatched to worker[17] failed because unable to get work from ready queue.
[2025-09-28T19:12:01.215] [DEBUG] debug-file - worker[18] has one work done.
[2025-09-28T19:12:01.215] [DEBUG] debug-file - default@CacheNativeLibs work[4] done.
[2025-09-28T19:12:01.215] [DEBUG] debug-file - A work dispatched to worker[18] failed because unable to get work from ready queue.
[2025-09-28T19:12:01.215] [INFO] debug-file - Finished :entry:default@CacheNativeLibs... after 9 ms 
[2025-09-28T19:12:05.478] [DEBUG] debug-file - worker[4] has one work done.
[2025-09-28T19:12:05.478] [DEBUG] debug-file - Ark compile task finished.finished time is 412586220216400
[2025-09-28T19:12:05.483] [DEBUG] debug-file - default@CompileArkTS work[1] done.
[2025-09-28T19:12:05.484] [DEBUG] debug-file - A work dispatched to worker[4] failed because unable to get work from ready queue.
[2025-09-28T19:12:05.486] [INFO] debug-file - Finished :entry:default@CompileArkTS... after 4 s 119 ms 
[2025-09-28T19:12:05.488] [DEBUG] debug-file - jsonObjWithoutParam {} at undefined
[2025-09-28T19:12:05.488] [DEBUG] debug-file - jsonObjWithoutParam {} at undefined
[2025-09-28T19:12:05.488] [DEBUG] debug-file - jsonObjWithoutParam {"license":"","devDependencies":{},"author":"","name":"entry","description":"Please describe the basic information.","main":"","version":"1.0.0","dependencies":{}} at undefined
[2025-09-28T19:12:05.488] [DEBUG] debug-file - Executing task :entry:default@GeneratePkgModuleJson
[2025-09-28T19:12:05.489] [DEBUG] debug-file - Task 'entry:default@GeneratePkgModuleJson' cost while wrapping incremental declarations: 1 ms 
[2025-09-28T19:12:05.489] [DEBUG] debug-file - jsonObjWithoutParam {} at undefined
[2025-09-28T19:12:05.489] [DEBUG] debug-file - jsonObjWithoutParam {} at undefined
[2025-09-28T19:12:05.489] [DEBUG] debug-file - jsonObjWithoutParam {"license":"","devDependencies":{},"author":"","name":"entry","description":"Please describe the basic information.","main":"","version":"1.0.0","dependencies":{}} at undefined
[2025-09-28T19:12:05.491] [DEBUG] debug-file - entry : default@GeneratePkgModuleJson cost memory 0.0923004150390625
[2025-09-28T19:12:05.491] [DEBUG] debug-file - runTaskFromQueue task cost before running: 9 s 455 ms 
[2025-09-28T19:12:05.491] [INFO] debug-file - Finished :entry:default@GeneratePkgModuleJson... after 3 ms 
[2025-09-28T19:12:05.494] [DEBUG] debug-file - jsonObjWithoutParam {} at undefined
[2025-09-28T19:12:05.494] [DEBUG] debug-file - jsonObjWithoutParam {} at undefined
[2025-09-28T19:12:05.494] [DEBUG] debug-file - jsonObjWithoutParam {"license":"","devDependencies":{},"author":"","name":"entry","description":"Please describe the basic information.","main":"","version":"1.0.0","dependencies":{}} at undefined
[2025-09-28T19:12:05.498] [DEBUG] debug-file - Executing task :entry:default@PackageHap
[2025-09-28T19:12:05.502] [DEBUG] debug-file - jsonObjWithoutParam {} at undefined
[2025-09-28T19:12:05.502] [DEBUG] debug-file - jsonObjWithoutParam {} at undefined
[2025-09-28T19:12:05.502] [DEBUG] debug-file - jsonObjWithoutParam {"license":"","devDependencies":{},"author":"","name":"entry","description":"Please describe the basic information.","main":"","version":"1.0.0","dependencies":{}} at undefined
[2025-09-28T19:12:05.504] [DEBUG] debug-file - Use tool [E:\DevEco Studio\sdk\default\openharmony\toolchains\lib\app_packing_tool.jar]
 [
  'java',
  '-Dfile.encoding=GBK',
  '-jar',
  'E:\\DevEco Studio\\sdk\\default\\openharmony\\toolchains\\lib\\app_packing_tool.jar',
  '--mode',
  'hap',
  '--force',
  'true',
  '--lib-path',
  'E:\\HarmonyOS_Learning\\TransitionAnimation-master\\entry\\build\\default\\intermediates\\stripped_native_libs\\default',
  '--json-path',
  'E:\\HarmonyOS_Learning\\TransitionAnimation-master\\entry\\build\\default\\intermediates\\package\\default\\module.json',
  '--resources-path',
  'E:\\HarmonyOS_Learning\\TransitionAnimation-master\\entry\\build\\default\\intermediates\\res\\default\\resources',
  '--index-path',
  'E:\\HarmonyOS_Learning\\TransitionAnimation-master\\entry\\build\\default\\intermediates\\res\\default\\resources.index',
  '--pack-info-path',
  'E:\\HarmonyOS_Learning\\TransitionAnimation-master\\entry\\build\\default\\outputs\\default\\pack.info',
  '--out-path',
  'E:\\HarmonyOS_Learning\\TransitionAnimation-master\\entry\\build\\default\\outputs\\default\\entry-default-unsigned.hap',
  '--ets-path',
  'E:\\HarmonyOS_Learning\\TransitionAnimation-master\\entry\\build\\default\\intermediates\\loader_out\\default\\ets'
]
[2025-09-28T19:12:05.506] [DEBUG] debug-file - default@PackageHap work[5] is submitted.
[2025-09-28T19:12:05.506] [DEBUG] debug-file - default@PackageHap work[5] is pushed to ready queue.
[2025-09-28T19:12:05.506] [DEBUG] debug-file - A work dispatched to worker[19] failed because unable to get work from ready queue.
[2025-09-28T19:12:05.506] [DEBUG] debug-file - default@PackageHap work[5] has been dispatched to worker[18].
[2025-09-28T19:12:05.506] [DEBUG] debug-file - default@PackageHap work[5] is dispatched.
[2025-09-28T19:12:05.510] [DEBUG] debug-file - entry : default@PackageHap cost memory 0.618499755859375
[2025-09-28T19:12:05.510] [DEBUG] debug-file - current process  memoryUsage: {
  rss: 788291584,
  heapTotal: 127197184,
  heapUsed: 104025064,
  external: 15304105,
  arrayBuffers: 11331739
} os memoryUsage :14.997417449951172
[2025-09-28T19:12:05.900] [DEBUG] debug-file - worker[18] has one work done.
[2025-09-28T19:12:05.900] [DEBUG] debug-file - default@PackageHap work[5] done.
[2025-09-28T19:12:05.900] [DEBUG] debug-file - A work dispatched to worker[18] failed because unable to get work from ready queue.
[2025-09-28T19:12:05.902] [INFO] debug-file - Finished :entry:default@PackageHap... after 402 ms 
[2025-09-28T19:12:05.904] [DEBUG] debug-file - jsonObjWithoutParam {} at undefined
[2025-09-28T19:12:05.904] [DEBUG] debug-file - jsonObjWithoutParam {} at undefined
[2025-09-28T19:12:05.904] [DEBUG] debug-file - jsonObjWithoutParam {"license":"","devDependencies":{},"author":"","name":"entry","description":"Please describe the basic information.","main":"","version":"1.0.0","dependencies":{}} at undefined
[2025-09-28T19:12:05.906] [DEBUG] debug-file - Executing task :entry:default@SignHap
[2025-09-28T19:12:05.906] [WARN] debug-file - Will skip sign 'hos_hap'. No signingConfigs profile is configured in current project.
             If needed, configure the signingConfigs in E:\HarmonyOS_Learning\TransitionAnimation-master\build-profile.json5.
[2025-09-28T19:12:05.906] [DEBUG] debug-file - jsonObjWithoutParam {} at undefined
[2025-09-28T19:12:05.907] [DEBUG] debug-file - jsonObjWithoutParam {} at undefined
[2025-09-28T19:12:05.907] [DEBUG] debug-file - jsonObjWithoutParam {"license":"","devDependencies":{},"author":"","name":"entry","description":"Please describe the basic information.","main":"","version":"1.0.0","dependencies":{}} at undefined
[2025-09-28T19:12:05.907] [DEBUG] debug-file - entry : default@SignHap cost memory 0.0909423828125
[2025-09-28T19:12:05.907] [DEBUG] debug-file - runTaskFromQueue task cost before running: 9 s 871 ms 
[2025-09-28T19:12:05.908] [INFO] debug-file - Finished :entry:default@SignHap... after 2 ms 
[2025-09-28T19:12:05.909] [DEBUG] debug-file - jsonObjWithoutParam {} at undefined
[2025-09-28T19:12:05.909] [DEBUG] debug-file - jsonObjWithoutParam {} at undefined
[2025-09-28T19:12:05.909] [DEBUG] debug-file - jsonObjWithoutParam {"license":"","devDependencies":{},"author":"","name":"entry","description":"Please describe the basic information.","main":"","version":"1.0.0","dependencies":{}} at undefined
[2025-09-28T19:12:05.910] [DEBUG] debug-file - Executing task :entry:default@CollectDebugSymbol
[2025-09-28T19:12:05.913] [DEBUG] debug-file - jsonObjWithoutParam {} at undefined
[2025-09-28T19:12:05.913] [DEBUG] debug-file - jsonObjWithoutParam {} at undefined
[2025-09-28T19:12:05.913] [DEBUG] debug-file - jsonObjWithoutParam {"license":"","devDependencies":{},"author":"","name":"entry","description":"Please describe the basic information.","main":"","version":"1.0.0","dependencies":{}} at undefined
[2025-09-28T19:12:05.913] [DEBUG] debug-file - entry : default@CollectDebugSymbol cost memory 0.199615478515625
[2025-09-28T19:12:05.913] [DEBUG] debug-file - runTaskFromQueue task cost before running: 9 s 877 ms 
[2025-09-28T19:12:05.913] [INFO] debug-file - Finished :entry:default@CollectDebugSymbol... after 4 ms 
[2025-09-28T19:12:05.915] [DEBUG] debug-file - Executing task :entry:assembleHap
[2025-09-28T19:12:05.915] [DEBUG] debug-file - entry : assembleHap cost memory 0.0119476318359375
[2025-09-28T19:12:05.915] [DEBUG] debug-file - runTaskFromQueue task cost before running: 9 s 879 ms 
[2025-09-28T19:12:05.915] [INFO] debug-file - Finished :entry:assembleHap... after 1 ms 
[2025-09-28T19:12:05.931] [DEBUG] debug-file - BUILD SUCCESSFUL in 9 s 895 ms 
[2025-09-28T19:12:05.933] [DEBUG] debug-file - Update task entry:default@PreBuild input file:E:\HarmonyOS_Learning\TransitionAnimation-master\AppScope\app.json5 cache by regenerate.
[2025-09-28T19:12:05.933] [DEBUG] debug-file - Update task entry:default@PreBuild input file:E:\HarmonyOS_Learning\TransitionAnimation-master\entry\src\main\module.json5 cache by regenerate.
[2025-09-28T19:12:05.934] [DEBUG] debug-file - Update task entry:default@PreBuild input file:E:\HarmonyOS_Learning\TransitionAnimation-master\build-profile.json5 cache by regenerate.
[2025-09-28T19:12:05.934] [DEBUG] debug-file - Update task entry:default@PreBuild input file:E:\HarmonyOS_Learning\TransitionAnimation-master\entry\build-profile.json5 cache by regenerate.
[2025-09-28T19:12:05.934] [DEBUG] debug-file - Update task entry:default@PreBuild input file:E:\HarmonyOS_Learning\TransitionAnimation-master\entry\src\main\resources\base\profile\main_pages.json cache by regenerate.
[2025-09-28T19:12:05.935] [DEBUG] debug-file - Update task entry:default@PreBuild input file:E:\HarmonyOS_Learning\TransitionAnimation-master\hvigor\hvigor-config.json5 cache by regenerate.
[2025-09-28T19:12:05.935] [DEBUG] debug-file - Update task entry:default@PreBuild input file:E:\HarmonyOS_Learning\TransitionAnimation-master\entry\oh-package.json5 cache by regenerate.
[2025-09-28T19:12:05.935] [DEBUG] debug-file - Update task entry:default@PreBuild input file:E:\HarmonyOS_Learning\TransitionAnimation-master\oh-package.json5 cache by regenerate.
[2025-09-28T19:12:05.935] [DEBUG] debug-file - Incremental task entry:default@PreBuild post-execution cost:4 ms .
[2025-09-28T19:12:05.935] [DEBUG] debug-file - Update task entry:default@CreateModuleInfo output file:E:\HarmonyOS_Learning\TransitionAnimation-master\entry\build\default\generated\profile\default\ModuleInfo.ts cache.
[2025-09-28T19:12:05.936] [DEBUG] debug-file - Incremental task entry:default@CreateModuleInfo post-execution cost:1 ms .
[2025-09-28T19:12:05.936] [DEBUG] debug-file - Update task entry:default@GenerateMetadata input file:E:\HarmonyOS_Learning\TransitionAnimation-master\entry\src\main\module.json5 cache by regenerate.
[2025-09-28T19:12:05.936] [DEBUG] debug-file - Update task entry:default@GenerateMetadata output file:E:\HarmonyOS_Learning\TransitionAnimation-master\entry\build\default\intermediates\hap_metadata\default\output_metadata.json cache.
[2025-09-28T19:12:05.937] [DEBUG] debug-file - Incremental task entry:default@GenerateMetadata post-execution cost:1 ms .
[2025-09-28T19:12:05.937] [DEBUG] debug-file - Update task entry:default@MergeProfile input file:E:\HarmonyOS_Learning\TransitionAnimation-master\AppScope\app.json5 cache by regenerate.
[2025-09-28T19:12:05.937] [DEBUG] debug-file - Update task entry:default@MergeProfile input file:E:\HarmonyOS_Learning\TransitionAnimation-master\build-profile.json5 cache by regenerate.
[2025-09-28T19:12:05.937] [DEBUG] debug-file - Update task entry:default@MergeProfile input file:E:\HarmonyOS_Learning\TransitionAnimation-master\entry\src\main\module.json5 cache by regenerate.
[2025-09-28T19:12:05.938] [DEBUG] debug-file - Update task entry:default@MergeProfile output file:E:\HarmonyOS_Learning\TransitionAnimation-master\entry\build\default\intermediates\merge_profile\default\module.json cache.
[2025-09-28T19:12:05.938] [DEBUG] debug-file - Incremental task entry:default@MergeProfile post-execution cost:2 ms .
[2025-09-28T19:12:05.938] [DEBUG] debug-file - Update task entry:default@CreateBuildProfile input file:E:\HarmonyOS_Learning\TransitionAnimation-master\AppScope\app.json5 cache by regenerate.
[2025-09-28T19:12:05.938] [DEBUG] debug-file - Update task entry:default@CreateBuildProfile input file:E:\HarmonyOS_Learning\TransitionAnimation-master\build-profile.json5 cache by regenerate.
[2025-09-28T19:12:05.938] [DEBUG] debug-file - Update task entry:default@CreateBuildProfile output file:E:\HarmonyOS_Learning\TransitionAnimation-master\entry\build\default\generated\profile\default\BuildProfile.ets cache.
[2025-09-28T19:12:05.939] [DEBUG] debug-file - Incremental task entry:default@CreateBuildProfile post-execution cost:1 ms .
[2025-09-28T19:12:05.939] [DEBUG] debug-file - Update task entry:default@GeneratePkgContextInfo output file:E:\HarmonyOS_Learning\TransitionAnimation-master\entry\build\default\intermediates\loader\default\pkgContextInfo.json cache.
[2025-09-28T19:12:05.939] [DEBUG] debug-file - Incremental task entry:default@GeneratePkgContextInfo post-execution cost:1 ms .
[2025-09-28T19:12:05.940] [DEBUG] debug-file - Update task entry:default@ProcessIntegratedHsp output file:E:\HarmonyOS_Learning\TransitionAnimation-master\build\cache\default\integrated_hsp\integratedHspCache.json cache.
[2025-09-28T19:12:05.940] [DEBUG] debug-file - Incremental task entry:default@ProcessIntegratedHsp post-execution cost:1 ms .
[2025-09-28T19:12:05.940] [DEBUG] debug-file - Update task entry:default@MakePackInfo input file:E:\HarmonyOS_Learning\TransitionAnimation-master\AppScope\app.json5 cache by regenerate.
[2025-09-28T19:12:05.941] [DEBUG] debug-file - Update task entry:default@MakePackInfo input file:E:\HarmonyOS_Learning\TransitionAnimation-master\entry\src\main\module.json5 cache by regenerate.
[2025-09-28T19:12:05.941] [DEBUG] debug-file - Update task entry:default@MakePackInfo input file:E:\HarmonyOS_Learning\TransitionAnimation-master\build-profile.json5 cache by regenerate.
[2025-09-28T19:12:05.941] [DEBUG] debug-file - Update task entry:default@MakePackInfo output file:E:\HarmonyOS_Learning\TransitionAnimation-master\entry\build\default\outputs\default\pack.info cache.
[2025-09-28T19:12:05.942] [DEBUG] debug-file - Incremental task entry:default@MakePackInfo post-execution cost:2 ms .
[2025-09-28T19:12:05.942] [DEBUG] debug-file - Update task entry:default@SyscapTransform input file:E:\DevEco Studio\sdk\default\openharmony\toolchains\syscap_tool.exe cache by regenerate.
[2025-09-28T19:12:05.942] [DEBUG] debug-file - Update task entry:default@SyscapTransform input file:E:\DevEco Studio\sdk\default\openharmony\ets\api\device-define cache by regenerate.
[2025-09-28T19:12:05.943] [DEBUG] debug-file - Update task entry:default@SyscapTransform output file:E:\HarmonyOS_Learning\TransitionAnimation-master\entry\build\default\intermediates\syscap\default\rpcid.sc cache.
[2025-09-28T19:12:05.943] [DEBUG] debug-file - Incremental task entry:default@SyscapTransform post-execution cost:2 ms .
[2025-09-28T19:12:05.944] [DEBUG] debug-file - Update task entry:default@ProcessProfile input file:E:\HarmonyOS_Learning\TransitionAnimation-master\entry\build\default\intermediates\merge_profile\default\module.json cache by regenerate.
[2025-09-28T19:12:05.944] [DEBUG] debug-file - Update task entry:default@ProcessProfile output file:E:\HarmonyOS_Learning\TransitionAnimation-master\entry\build\default\intermediates\process_profile\default\module.json cache.
[2025-09-28T19:12:05.944] [DEBUG] debug-file - Incremental task entry:default@ProcessProfile post-execution cost:1 ms .
[2025-09-28T19:12:05.945] [DEBUG] debug-file - Update task entry:default@ProcessRouterMap input file:E:\HarmonyOS_Learning\TransitionAnimation-master\entry\oh-package.json5 cache by regenerate.
[2025-09-28T19:12:05.945] [DEBUG] debug-file - Update task entry:default@ProcessRouterMap input file:E:\HarmonyOS_Learning\TransitionAnimation-master\oh-package.json5 cache by regenerate.
[2025-09-28T19:12:05.945] [DEBUG] debug-file - Update task entry:default@ProcessRouterMap input file:E:\HarmonyOS_Learning\TransitionAnimation-master\entry\src\main\module.json5 cache by regenerate.
[2025-09-28T19:12:05.945] [DEBUG] debug-file - Update task entry:default@ProcessRouterMap output file:E:\HarmonyOS_Learning\TransitionAnimation-master\entry\build\default\intermediates\router_map\default\temp-router-map.json cache.
[2025-09-28T19:12:05.946] [DEBUG] debug-file - Update task entry:default@ProcessRouterMap output file:E:\HarmonyOS_Learning\TransitionAnimation-master\entry\build\default\intermediates\router_map\default\loader-router-map.json cache.
[2025-09-28T19:12:05.946] [DEBUG] debug-file - Incremental task entry:default@ProcessRouterMap post-execution cost:2 ms .
[2025-09-28T19:12:05.946] [DEBUG] debug-file - Update task entry:default@ProcessResource output file:E:\HarmonyOS_Learning\TransitionAnimation-master\entry\build\default\intermediates\res\default\resConfig.json cache.
[2025-09-28T19:12:05.946] [DEBUG] debug-file - Update task entry:default@ProcessResource output file:E:\HarmonyOS_Learning\TransitionAnimation-master\entry\build\default\intermediates\res\default\opt-compression.json cache.
[2025-09-28T19:12:05.946] [DEBUG] debug-file - Incremental task entry:default@ProcessResource post-execution cost:1 ms .
[2025-09-28T19:12:05.948] [DEBUG] debug-file - Update task entry:default@GenerateLoaderJson input file:E:\HarmonyOS_Learning\TransitionAnimation-master\entry\build\default\intermediates\router_map\default\temp-router-map.json cache by regenerate.
[2025-09-28T19:12:05.948] [DEBUG] debug-file - Update task entry:default@GenerateLoaderJson output file:E:\HarmonyOS_Learning\TransitionAnimation-master\entry\build\default\intermediates\loader\default\loader.json cache.
[2025-09-28T19:12:05.948] [DEBUG] debug-file - Incremental task entry:default@GenerateLoaderJson post-execution cost:3 ms .
[2025-09-28T19:12:05.949] [DEBUG] debug-file - Update task entry:default@ProcessLibs input file:E:\HarmonyOS_Learning\TransitionAnimation-master\build-profile.json5 cache by regenerate.
[2025-09-28T19:12:05.949] [DEBUG] debug-file - Update task entry:default@ProcessLibs input file:E:\HarmonyOS_Learning\TransitionAnimation-master\entry\build-profile.json5 cache by regenerate.
[2025-09-28T19:12:05.949] [DEBUG] debug-file - Update task entry:default@ProcessLibs output file:E:\HarmonyOS_Learning\TransitionAnimation-master\entry\build\default\intermediates\libs\default cache.
[2025-09-28T19:12:05.950] [DEBUG] debug-file - Incremental task entry:default@ProcessLibs post-execution cost:2 ms .
[2025-09-28T19:12:05.950] [DEBUG] debug-file - Update task entry:default@CompileResource input file:E:\HarmonyOS_Learning\TransitionAnimation-master\entry\src\main\resources cache by regenerate.
[2025-09-28T19:12:05.955] [DEBUG] debug-file - Update task entry:default@CompileResource input file:E:\HarmonyOS_Learning\TransitionAnimation-master\AppScope\resources cache by regenerate.
[2025-09-28T19:12:05.956] [DEBUG] debug-file - Update task entry:default@CompileResource input file:E:\HarmonyOS_Learning\TransitionAnimation-master\entry\build\default\intermediates\process_profile\default\module.json cache by regenerate.
[2025-09-28T19:12:05.956] [DEBUG] debug-file - Update task entry:default@CompileResource input file:E:\HarmonyOS_Learning\TransitionAnimation-master\entry\build\default\intermediates\res\default\resConfig.json cache by regenerate.
[2025-09-28T19:12:05.956] [DEBUG] debug-file - Update task entry:default@CompileResource output file:E:\HarmonyOS_Learning\TransitionAnimation-master\entry\build\default\intermediates\res\default cache.
[2025-09-28T19:12:05.961] [DEBUG] debug-file - Update task entry:default@CompileResource output file:E:\HarmonyOS_Learning\TransitionAnimation-master\entry\build\default\generated\r\default\ResourceTable.h cache.
[2025-09-28T19:12:05.961] [DEBUG] debug-file - Update task entry:default@CompileResource output file:E:\HarmonyOS_Learning\TransitionAnimation-master\entry\build\default\generated\r\default cache.
[2025-09-28T19:12:05.962] [DEBUG] debug-file - Incremental task entry:default@CompileResource post-execution cost:12 ms .
[2025-09-28T19:12:05.963] [DEBUG] debug-file - Update task entry:default@CompileArkTS input file:E:\HarmonyOS_Learning\TransitionAnimation-master\entry\build\default\intermediates\loader\default cache by regenerate.
[2025-09-28T19:12:05.964] [DEBUG] debug-file - Update task entry:default@CompileArkTS input file:E:\HarmonyOS_Learning\TransitionAnimation-master\entry\build\default\intermediates\res\default\ResourceTable.txt cache by regenerate.
[2025-09-28T19:12:05.964] [DEBUG] debug-file - Update task entry:default@CompileArkTS input file:E:\HarmonyOS_Learning\TransitionAnimation-master\entry\build\default\intermediates\res\default\ark_module.json cache by regenerate.
[2025-09-28T19:12:05.964] [DEBUG] debug-file - Update task entry:default@CompileArkTS input file:E:\HarmonyOS_Learning\TransitionAnimation-master\entry\build\default\intermediates\res\default\resources\base\profile cache by regenerate.
[2025-09-28T19:12:05.965] [DEBUG] debug-file - Update task entry:default@CompileArkTS input file:E:\HarmonyOS_Learning\TransitionAnimation-master\entry\src\main\ets cache by regenerate.
[2025-09-28T19:12:05.968] [DEBUG] debug-file - Update task entry:default@CompileArkTS input file:E:\HarmonyOS_Learning\TransitionAnimation-master\entry\build\default\generated\profile\default\BuildProfile.ets cache by regenerate.
[2025-09-28T19:12:05.968] [DEBUG] debug-file - Update task entry:default@CompileArkTS output file:E:\HarmonyOS_Learning\TransitionAnimation-master\entry\build\default\intermediates\loader_out\default\ets cache.
[2025-09-28T19:12:05.969] [DEBUG] debug-file - Incremental task entry:default@CompileArkTS post-execution cost:7 ms .
[2025-09-28T19:12:05.970] [DEBUG] debug-file - Update task entry:default@BuildJS input file:E:\HarmonyOS_Learning\TransitionAnimation-master\entry\build\default\intermediates\loader\default cache by regenerate.
[2025-09-28T19:12:05.970] [DEBUG] debug-file - Update task entry:default@BuildJS input file:E:\HarmonyOS_Learning\TransitionAnimation-master\entry\build\default\intermediates\res\default\ResourceTable.txt cache by regenerate.
[2025-09-28T19:12:05.971] [DEBUG] debug-file - Update task entry:default@BuildJS input file:E:\HarmonyOS_Learning\TransitionAnimation-master\entry\build\default\intermediates\res\default\ark_module.json cache by regenerate.
[2025-09-28T19:12:05.971] [DEBUG] debug-file - Update task entry:default@BuildJS input file:E:\HarmonyOS_Learning\TransitionAnimation-master\entry\build\default\intermediates\res\default\resources\base\profile cache by regenerate.
[2025-09-28T19:12:05.971] [DEBUG] debug-file - Update task entry:default@BuildJS output file:E:\HarmonyOS_Learning\TransitionAnimation-master\entry\build\default\intermediates\loader_out\default\js cache.
[2025-09-28T19:12:05.971] [DEBUG] debug-file - Incremental task entry:default@BuildJS post-execution cost:3 ms .
[2025-09-28T19:12:05.971] [DEBUG] debug-file - Update task entry:default@DoNativeStrip input file:E:\HarmonyOS_Learning\TransitionAnimation-master\entry\build\default\intermediates\libs\default cache by regenerate.
[2025-09-28T19:12:05.972] [DEBUG] debug-file - Update task entry:default@DoNativeStrip output file:E:\HarmonyOS_Learning\TransitionAnimation-master\entry\build\default\intermediates\stripped_native_libs\default cache.
[2025-09-28T19:12:05.972] [DEBUG] debug-file - Incremental task entry:default@DoNativeStrip post-execution cost:1 ms .
[2025-09-28T19:12:05.972] [DEBUG] debug-file - Update task entry:default@CacheNativeLibs input file:E:\HarmonyOS_Learning\TransitionAnimation-master\entry\build\default\intermediates\stripped_native_libs\default cache by regenerate.
[2025-09-28T19:12:05.972] [DEBUG] debug-file - Update task entry:default@CacheNativeLibs input file:E:\HarmonyOS_Learning\TransitionAnimation-master\entry\build\default\intermediates\libs\default cache by regenerate.
[2025-09-28T19:12:05.972] [DEBUG] debug-file - Update task entry:default@CacheNativeLibs output file:E:\HarmonyOS_Learning\TransitionAnimation-master\entry\build\default\intermediates\patch\default\base_native_libs.json cache.
[2025-09-28T19:12:05.973] [DEBUG] debug-file - Incremental task entry:default@CacheNativeLibs post-execution cost:1 ms .
[2025-09-28T19:12:05.973] [DEBUG] debug-file - Update task entry:default@GeneratePkgModuleJson input file:E:\HarmonyOS_Learning\TransitionAnimation-master\entry\build\default\intermediates\res\default\module.json cache by regenerate.
[2025-09-28T19:12:05.973] [DEBUG] debug-file - Update task entry:default@GeneratePkgModuleJson output file:E:\HarmonyOS_Learning\TransitionAnimation-master\entry\build\default\intermediates\package\default\module.json cache.
[2025-09-28T19:12:05.973] [DEBUG] debug-file - Incremental task entry:default@GeneratePkgModuleJson post-execution cost:1 ms .
[2025-09-28T19:12:05.974] [DEBUG] debug-file - Update task entry:default@PackageHap input file:E:\HarmonyOS_Learning\TransitionAnimation-master\entry\build\default\intermediates\stripped_native_libs\default cache by regenerate.
[2025-09-28T19:12:05.974] [DEBUG] debug-file - Update task entry:default@PackageHap input file:E:\HarmonyOS_Learning\TransitionAnimation-master\entry\build\default\intermediates\res\default\module.json cache by regenerate.
[2025-09-28T19:12:05.975] [DEBUG] debug-file - Update task entry:default@PackageHap input file:E:\HarmonyOS_Learning\TransitionAnimation-master\entry\build\default\intermediates\res\default\resources cache by regenerate.
[2025-09-28T19:12:05.977] [DEBUG] debug-file - Update task entry:default@PackageHap input file:E:\HarmonyOS_Learning\TransitionAnimation-master\entry\build\default\intermediates\res\default\resources.index cache by regenerate.
[2025-09-28T19:12:05.977] [DEBUG] debug-file - Update task entry:default@PackageHap input file:E:\HarmonyOS_Learning\TransitionAnimation-master\entry\build\default\outputs\default\pack.info cache by regenerate.
[2025-09-28T19:12:05.978] [DEBUG] debug-file - Update task entry:default@PackageHap input file:E:\HarmonyOS_Learning\TransitionAnimation-master\entry\build\default\intermediates\loader_out\default\ets cache by regenerate.
[2025-09-28T19:12:05.978] [DEBUG] debug-file - Update task entry:default@PackageHap input file:E:\HarmonyOS_Learning\TransitionAnimation-master\entry\build\default\intermediates\loader_out\default\ets\sourceMaps.map cache by regenerate.
[2025-09-28T19:12:05.978] [DEBUG] debug-file - Update task entry:default@PackageHap input file:E:\HarmonyOS_Learning\TransitionAnimation-master\entry\build\default\generated\profile\default\BuildProfile.ets cache by regenerate.
[2025-09-28T19:12:05.979] [DEBUG] debug-file - Update task entry:default@PackageHap output file:E:\HarmonyOS_Learning\TransitionAnimation-master\entry\build\default\outputs\default\entry-default-unsigned.hap cache.
[2025-09-28T19:12:05.979] [DEBUG] debug-file - Update task entry:default@PackageHap output file:E:\HarmonyOS_Learning\TransitionAnimation-master\entry\build\default\intermediates\source_map\default\sourceMaps.map cache.
[2025-09-28T19:12:05.979] [DEBUG] debug-file - Update task entry:default@PackageHap output file:E:\HarmonyOS_Learning\TransitionAnimation-master\entry\build\default\outputs\default\mapping\sourceMaps.map cache.
[2025-09-28T19:12:05.980] [DEBUG] debug-file - Incremental task entry:default@PackageHap post-execution cost:7 ms .
[2025-09-28T19:12:05.980] [DEBUG] debug-file - Update task entry:default@SignHap input file:E:\HarmonyOS_Learning\TransitionAnimation-master\entry\build\default\outputs\default\entry-default-unsigned.hap cache by regenerate.
[2025-09-28T19:12:05.980] [DEBUG] debug-file - Update task entry:default@SignHap output file:E:\HarmonyOS_Learning\TransitionAnimation-master\entry\build\default\outputs\default\entry-default-signed.hap cache.
[2025-09-28T19:12:05.980] [DEBUG] debug-file - Incremental task entry:default@SignHap post-execution cost:1 ms .
[2025-09-28T19:12:05.982] [DEBUG] debug-file - Update task entry:default@CollectDebugSymbol input file:E:\HarmonyOS_Learning\TransitionAnimation-master\entry\build\default\intermediates\loader_out\default\ets\sourceMaps.map cache by regenerate.
[2025-09-28T19:12:05.982] [DEBUG] debug-file - Update task entry:default@CollectDebugSymbol input file:E:\HarmonyOS_Learning\TransitionAnimation-master\entry\build\default\intermediates\libs\default cache by regenerate.
[2025-09-28T19:12:05.982] [DEBUG] debug-file - Update task entry:default@CollectDebugSymbol output file:E:\HarmonyOS_Learning\TransitionAnimation-master\entry\build\default\outputs\default\symbol cache.
[2025-09-28T19:12:05.983] [DEBUG] debug-file - Incremental task entry:default@CollectDebugSymbol post-execution cost:3 ms .
[2025-09-28T19:12:06.011] [DEBUG] debug-file - Cleanup worker 0.
[2025-09-28T19:12:06.011] [DEBUG] debug-file - Worker 0 has been cleaned up.
[2025-09-28T19:12:06.011] [DEBUG] debug-file - Current idle worker size: 4.
[2025-09-28T19:12:06.011] [DEBUG] debug-file - Current resident worker size: 5.
[2025-09-28T19:12:06.011] [DEBUG] debug-file - Cleanup worker 1.
[2025-09-28T19:12:06.011] [DEBUG] debug-file - Worker 1 has been cleaned up.
[2025-09-28T19:12:06.011] [DEBUG] debug-file - Current idle worker size: 3.
[2025-09-28T19:12:06.011] [DEBUG] debug-file - Current resident worker size: 5.
[2025-09-28T19:12:06.011] [DEBUG] debug-file - Cleanup worker 17.
[2025-09-28T19:12:06.011] [DEBUG] debug-file - Worker 17 has been cleaned up.
[2025-09-28T19:12:06.012] [DEBUG] debug-file - Current idle worker size: 2.
[2025-09-28T19:12:06.012] [DEBUG] debug-file - Current resident worker size: 5.
[2025-09-28T19:12:06.013] [DEBUG] debug-file - Cleanup worker 18.
[2025-09-28T19:12:06.014] [DEBUG] debug-file - Worker 18 has been cleaned up.
[2025-09-28T19:12:06.014] [DEBUG] debug-file - Current idle worker size: 1.
[2025-09-28T19:12:06.014] [DEBUG] debug-file - Current resident worker size: 5.
[2025-09-28T19:12:06.016] [DEBUG] debug-file - session manager: send message to worker process.
[2025-09-28T19:12:06.016] [DEBUG] debug-file - session manager: send message to worker process.
[2025-09-28T19:12:06.015] [DEBUG] debug-file - hvigor build process will be closed.
[2025-09-28T19:12:06.016] [DEBUG] debug-file - worker[0] exits with exit code 1.
[2025-09-28T19:12:06.017] [DEBUG] debug-file - worker[1] exits with exit code 1.
[2025-09-28T19:12:06.017] [DEBUG] debug-file - watch worker: worker id should be larger than 0. Nothing will be sent to any worker thread.
[2025-09-28T19:12:06.017] [DEBUG] debug-file - watch worker: worker id should be larger than 0. Nothing will be sent to any worker thread.
[2025-09-28T19:12:06.024] [DEBUG] debug-file - worker[17] exits with exit code 1.
[2025-09-28T19:12:06.032] [DEBUG] debug-file - worker[18] exits with exit code 1.
